2026-03-11 12:32:13 [INFO] ✅ Logger initialisé avec succès 
2026-03-11 12:33:10 [INFO] HISTORIQUE {"action":"login","agent_id":1,"ip":"::1","method":"POST","path":"/api/auth/connexion","resource":"auth/connexion","status":200,"user_agent":"Mozilla/5.0 (Windows NT 10.0; Win64; x64) AppleWebKit/537.36 (KHTML, like Gecko) Chrome/145.0.0.0 Safari/537.36"}
2026-03-11 12:33:10 [INFO] ✅ Profil utilisateur récupéré {"duration":145,"nom":"Mamadou Diouma","userId":1}
2026-03-11 12:33:12 [INFO] ✅ Types de documents récupérés {"count":12,"duration":46,"userId":1}
2026-03-11 12:33:12 [INFO] ✅ Total des agents récupéré {"duration":29,"total":5,"userId":1}
2026-03-11 12:33:12 [INFO] ✅ Total des types de documents récupéré {"duration":16,"total":12,"userId":1}
2026-03-11 12:33:12 [INFO] ✅ Total des documents récupéré {"duration":17,"total":1,"userId":1}
2026-03-11 12:33:12 [INFO] ✅ Total des agents récupéré {"duration":8,"total":5,"userId":1}
2026-03-11 12:33:12 [INFO] ✅ Total des types de documents récupéré {"duration":14,"total":12,"userId":1}
2026-03-11 12:33:12 [INFO] ✅ Total des documents récupéré {"duration":9,"total":1,"userId":1}
2026-03-11 12:33:12 [INFO] ✅ Agents par direction récupérés {"count":1,"duration":45,"userId":1}
2026-03-11 12:33:12 [INFO] ✅ Agents par sous-direction récupérés {"count":0,"duration":32,"userId":1}
2026-03-11 12:33:12 [INFO] ✅ Agents par division récupérés {"count":0,"duration":22,"userId":1}
2026-03-11 12:33:12 [INFO] ✅ Agents par service récupérés {"count":0,"duration":17,"userId":1}
2026-03-11 12:33:12 [INFO] ✅ Agents par section récupérés {"count":0,"duration":6,"userId":1}
2026-03-11 12:33:12 [INFO] ✅ Agents par direction récupérés {"count":1,"duration":15,"userId":1}
2026-03-11 12:33:12 [INFO] ✅ Agents par sous-direction récupérés {"count":0,"duration":9,"userId":1}
2026-03-11 12:33:12 [INFO] ✅ Agents par structure récupérés {"count":2,"duration":27,"userId":1}
2026-03-11 12:33:12 [INFO] ✅ Agents par section récupérés {"count":0,"duration":7,"userId":1}
2026-03-11 12:33:12 [INFO] ✅ Agents par division récupérés {"count":0,"duration":12,"userId":1}
2026-03-11 12:33:12 [INFO] ✅ Agents par service récupérés {"count":0,"duration":6,"userId":1}
2026-03-11 12:33:12 [INFO] ✅ Agents par structure récupérés {"count":2,"duration":8,"userId":1}
2026-03-11 12:33:12 [INFO] ✅ Documents par type récupérés {"count":1,"duration":11,"userId":1}
2026-03-11 12:33:12 [INFO] ✅ Documents par mois récupérés {"count":1,"duration":7,"userId":1}
2026-03-11 12:33:12 [INFO] ✅ Documents par structure récupérés {"count":1,"duration":3,"userId":1}
2026-03-11 12:33:12 [INFO] ✅ Documents par type récupérés {"count":1,"duration":14,"userId":1}
2026-03-11 12:33:12 [INFO] ✅ Documents par mois récupérés {"count":1,"duration":6,"userId":1}
2026-03-11 12:33:12 [INFO] ✅ Documents par structure récupérés {"count":1,"duration":3,"userId":1}
2026-03-11 12:33:14 [INFO] ✅ Documents récupérés {"count":1,"duration":31,"userId":1}
2026-03-11 12:33:14 [INFO] ✅ Types de documents récupérés {"count":12,"duration":27,"userId":1}
2026-03-11 12:33:14 [INFO] ✅ Types de documents récupérés {"count":12,"duration":9,"userId":1}
2026-03-11 12:33:14 [INFO] ✅ Types de documents récupérés {"count":12,"duration":14,"userId":1}
2026-03-11 12:33:14 [INFO] ✅ Pièces récupérées {"count":6,"duration":26,"userId":1}
2026-03-11 12:33:14 [INFO] HISTORIQUE {"action":"read","agent_id":1,"data":{"count":6,"duration":26},"description":"Consultation de la liste des pièces","ip":"::1","method":"GET","path":"/api/pieces/","resource":"pieces","resource_id":null,"resource_identifier":"liste des pièces","status":200,"user_agent":"Mozilla/5.0 (Windows NT 10.0; Win64; x64) AppleWebKit/537.36 (KHTML, like Gecko) Chrome/145.0.0.0 Safari/537.36"}
2026-03-11 12:33:14 [INFO] ✅ Services récupérés {"count":6,"duration":6,"userId":1}
2026-03-11 12:33:17 [INFO] ✅ Types de documents récupérés {"count":12,"duration":12,"userId":1}
2026-03-11 12:33:17 [INFO] ✅ Droits récupérés {"count":5,"duration":7,"userId":1}
