2026-03-04 01:22:28 [INFO] ✅ Logger initialisé avec succès 
2026-03-04 01:27:03 [INFO] ✅ Logger initialisé avec succès 
2026-03-04 01:37:25 [INFO] ✅ Logger initialisé avec succès 
2026-03-04 01:44:40 [INFO] ✅ Logger initialisé avec succès 
2026-03-04 01:45:46 [INFO] ✅ Logger initialisé avec succès 
2026-03-04 10:54:25 [INFO] HISTORIQUE {"agent_id":1,"action":"login","resource":"auth/connexion","method":"POST","path":"/api/auth/connexion","status":200,"ip":"::1","user_agent":"Mozilla/5.0 (Windows NT 10.0; Win64; x64) AppleWebKit/537.36 (KHTML, like Gecko) Chrome/145.0.0.0 Safari/537.36"}
2026-03-04 10:54:28 [INFO] ✅ Profil utilisateur récupéré {"userId":1,"nom":"Mamadou Diouma","duration":1718}
2026-03-04 10:54:31 [INFO] ✅ Types de documents récupérés {"count":12,"userId":1,"duration":182}
2026-03-04 10:54:31 [INFO] ✅ Total des agents récupéré {"total":5,"userId":1,"duration":83}
2026-03-04 10:54:31 [INFO] ✅ Total des documents récupéré {"total":1,"userId":1,"duration":57}
2026-03-04 10:54:31 [INFO] ✅ Total des types de documents récupéré {"total":12,"userId":1,"duration":25}
2026-03-04 10:54:31 [INFO] ✅ Total des agents récupéré {"total":5,"userId":1,"duration":18}
2026-03-04 10:54:32 [INFO] ✅ Total des documents récupéré {"total":1,"userId":1,"duration":75}
2026-03-04 10:54:32 [INFO] ✅ Total des types de documents récupéré {"total":12,"userId":1,"duration":23}
2026-03-04 10:54:32 [INFO] ✅ Agents par service récupérés {"count":0,"userId":1,"duration":45}
2026-03-04 10:54:32 [INFO] ✅ Agents par direction récupérés {"count":1,"userId":1,"duration":204}
2026-03-04 10:54:32 [INFO] ✅ Agents par structure récupérés {"count":2,"userId":1,"duration":182}
2026-03-04 10:54:32 [INFO] ✅ Agents par sous-direction récupérés {"count":0,"userId":1,"duration":144}
2026-03-04 10:54:32 [INFO] ✅ Agents par section récupérés {"count":0,"userId":1,"duration":116}
2026-03-04 10:54:32 [INFO] ✅ Agents par division récupérés {"count":0,"userId":1,"duration":39}
2026-03-04 10:54:32 [INFO] ✅ Agents par service récupérés {"count":0,"userId":1,"duration":66}
2026-03-04 10:54:32 [INFO] ✅ Agents par direction récupérés {"count":1,"userId":1,"duration":29}
2026-03-04 10:54:32 [INFO] ✅ Agents par division récupérés {"count":0,"userId":1,"duration":42}
2026-03-04 10:54:32 [INFO] ✅ Agents par structure récupérés {"count":2,"userId":1,"duration":53}
2026-03-04 10:54:32 [INFO] ✅ Agents par sous-direction récupérés {"count":0,"userId":1,"duration":36}
2026-03-04 10:54:32 [INFO] ✅ Agents par section récupérés {"count":0,"userId":1,"duration":20}
2026-03-04 10:54:32 [INFO] ✅ Documents par type récupérés {"count":1,"userId":1,"duration":42}
2026-03-04 10:54:32 [INFO] ✅ Documents par mois récupérés {"count":1,"userId":1,"duration":30}
2026-03-04 10:54:32 [INFO] ✅ Documents par structure récupérés {"count":1,"userId":1,"duration":15}
2026-03-04 10:54:32 [INFO] ✅ Documents par type récupérés {"count":1,"userId":1,"duration":36}
2026-03-04 10:54:32 [INFO] ✅ Documents par mois récupérés {"count":1,"userId":1,"duration":19}
2026-03-04 10:54:32 [INFO] ✅ Documents par structure récupérés {"count":1,"userId":1,"duration":10}
2026-03-04 10:54:38 [ERROR] ❌ Erreur getAll documents: {"error":"DocumentFile is not associated to DocumentValue!","stack":"SequelizeEagerLoadingError: DocumentFile is not associated to DocumentValue!\n    at DocumentValue._getIncludedAssociation (C:\\Users\\pc\\Desktop\\Project\\DGCC\\backend\\node_modules\\sequelize\\lib\\model.js:565:13)\n    at DocumentValue._validateIncludedElement (C:\\Users\\pc\\Desktop\\Project\\DGCC\\backend\\node_modules\\sequelize\\lib\\model.js:502:53)\n    at C:\\Users\\pc\\Desktop\\Project\\DGCC\\backend\\node_modules\\sequelize\\lib\\model.js:421:37\n    at Array.map (<anonymous>)\n    at DocumentValue._validateIncludedElements (C:\\Users\\pc\\Desktop\\Project\\DGCC\\backend\\node_modules\\sequelize\\lib\\model.js:417:39)\n    at Document._validateIncludedElement (C:\\Users\\pc\\Desktop\\Project\\DGCC\\backend\\node_modules\\sequelize\\lib\\model.js:557:38)\n    at C:\\Users\\pc\\Desktop\\Project\\DGCC\\backend\\node_modules\\sequelize\\lib\\model.js:421:37\n    at Array.map (<anonymous>)\n    at Document._validateIncludedElements (C:\\Users\\pc\\Desktop\\Project\\DGCC\\backend\\node_modules\\sequelize\\lib\\model.js:417:39)\n    at Document.findAll (C:\\Users\\pc\\Desktop\\Project\\DGCC\\backend\\node_modules\\sequelize\\lib\\model.js:1124:12)","userId":1,"duration":9}
2026-03-04 10:54:38 [INFO] ✅ Types de documents récupérés {"count":12,"userId":1,"duration":70}
2026-03-04 10:54:39 [ERROR] ❌ Erreur getAll documents: {"error":"DocumentFile is not associated to DocumentValue!","stack":"SequelizeEagerLoadingError: DocumentFile is not associated to DocumentValue!\n    at DocumentValue._getIncludedAssociation (C:\\Users\\pc\\Desktop\\Project\\DGCC\\backend\\node_modules\\sequelize\\lib\\model.js:565:13)\n    at DocumentValue._validateIncludedElement (C:\\Users\\pc\\Desktop\\Project\\DGCC\\backend\\node_modules\\sequelize\\lib\\model.js:502:53)\n    at C:\\Users\\pc\\Desktop\\Project\\DGCC\\backend\\node_modules\\sequelize\\lib\\model.js:421:37\n    at Array.map (<anonymous>)\n    at DocumentValue._validateIncludedElements (C:\\Users\\pc\\Desktop\\Project\\DGCC\\backend\\node_modules\\sequelize\\lib\\model.js:417:39)\n    at Document._validateIncludedElement (C:\\Users\\pc\\Desktop\\Project\\DGCC\\backend\\node_modules\\sequelize\\lib\\model.js:557:38)\n    at C:\\Users\\pc\\Desktop\\Project\\DGCC\\backend\\node_modules\\sequelize\\lib\\model.js:421:37\n    at Array.map (<anonymous>)\n    at Document._validateIncludedElements (C:\\Users\\pc\\Desktop\\Project\\DGCC\\backend\\node_modules\\sequelize\\lib\\model.js:417:39)\n    at Document.findAll (C:\\Users\\pc\\Desktop\\Project\\DGCC\\backend\\node_modules\\sequelize\\lib\\model.js:1124:12)","userId":1,"duration":2}
2026-03-04 10:54:46 [INFO] ✅ Types de documents récupérés {"count":12,"userId":1,"duration":254}
2026-03-04 10:54:46 [ERROR] ❌ Erreur getAll documents: {"error":"DocumentFile is not associated to DocumentValue!","stack":"SequelizeEagerLoadingError: DocumentFile is not associated to DocumentValue!\n    at DocumentValue._getIncludedAssociation (C:\\Users\\pc\\Desktop\\Project\\DGCC\\backend\\node_modules\\sequelize\\lib\\model.js:565:13)\n    at DocumentValue._validateIncludedElement (C:\\Users\\pc\\Desktop\\Project\\DGCC\\backend\\node_modules\\sequelize\\lib\\model.js:502:53)\n    at C:\\Users\\pc\\Desktop\\Project\\DGCC\\backend\\node_modules\\sequelize\\lib\\model.js:421:37\n    at Array.map (<anonymous>)\n    at DocumentValue._validateIncludedElements (C:\\Users\\pc\\Desktop\\Project\\DGCC\\backend\\node_modules\\sequelize\\lib\\model.js:417:39)\n    at Document._validateIncludedElement (C:\\Users\\pc\\Desktop\\Project\\DGCC\\backend\\node_modules\\sequelize\\lib\\model.js:557:38)\n    at C:\\Users\\pc\\Desktop\\Project\\DGCC\\backend\\node_modules\\sequelize\\lib\\model.js:421:37\n    at Array.map (<anonymous>)\n    at Document._validateIncludedElements (C:\\Users\\pc\\Desktop\\Project\\DGCC\\backend\\node_modules\\sequelize\\lib\\model.js:417:39)\n    at Document.findAll (C:\\Users\\pc\\Desktop\\Project\\DGCC\\backend\\node_modules\\sequelize\\lib\\model.js:1124:12)","userId":1,"duration":2}
2026-03-04 10:54:46 [INFO] ✅ Types de documents récupérés {"count":12,"userId":1,"duration":45}
2026-03-04 10:54:47 [ERROR] ❌ Erreur getAll documents: {"error":"DocumentFile is not associated to DocumentValue!","stack":"SequelizeEagerLoadingError: DocumentFile is not associated to DocumentValue!\n    at DocumentValue._getIncludedAssociation (C:\\Users\\pc\\Desktop\\Project\\DGCC\\backend\\node_modules\\sequelize\\lib\\model.js:565:13)\n    at DocumentValue._validateIncludedElement (C:\\Users\\pc\\Desktop\\Project\\DGCC\\backend\\node_modules\\sequelize\\lib\\model.js:502:53)\n    at C:\\Users\\pc\\Desktop\\Project\\DGCC\\backend\\node_modules\\sequelize\\lib\\model.js:421:37\n    at Array.map (<anonymous>)\n    at DocumentValue._validateIncludedElements (C:\\Users\\pc\\Desktop\\Project\\DGCC\\backend\\node_modules\\sequelize\\lib\\model.js:417:39)\n    at Document._validateIncludedElement (C:\\Users\\pc\\Desktop\\Project\\DGCC\\backend\\node_modules\\sequelize\\lib\\model.js:557:38)\n    at C:\\Users\\pc\\Desktop\\Project\\DGCC\\backend\\node_modules\\sequelize\\lib\\model.js:421:37\n    at Array.map (<anonymous>)\n    at Document._validateIncludedElements (C:\\Users\\pc\\Desktop\\Project\\DGCC\\backend\\node_modules\\sequelize\\lib\\model.js:417:39)\n    at Document.findAll (C:\\Users\\pc\\Desktop\\Project\\DGCC\\backend\\node_modules\\sequelize\\lib\\model.js:1124:12)","userId":1,"duration":2}
2026-03-04 10:57:42 [INFO] ✅ Logger initialisé avec succès 
2026-03-04 10:57:48 [INFO] ✅ Documents récupérés {"count":1,"userId":1,"duration":115}
2026-03-04 10:57:48 [INFO] HISTORIQUE {"agent_id":1,"action":"read","resource":"document","resource_id":null,"resource_identifier":"liste des documents","description":"Consultation de la liste des documents","method":"GET","path":"/api/documents","status":200,"ip":"::1","user_agent":"Mozilla/5.0 (Windows NT 10.0; Win64; x64) AppleWebKit/537.36 (KHTML, like Gecko) Chrome/145.0.0.0 Safari/537.36","data":{"count":1,"duration":119}}
2026-03-04 10:57:48 [INFO] ✅ Types de documents récupérés {"count":12,"userId":1,"duration":424}
2026-03-04 10:57:48 [INFO] ✅ Types de documents récupérés {"count":12,"userId":1,"duration":75}
2026-03-04 10:57:52 [INFO] ✅ Champs de métadonnées récupérés {"typeId":"19","count":2,"userId":1,"duration":21}
2026-03-04 10:57:52 [INFO] ✅ Documents récupérés {"count":1,"userId":1,"duration":28}
2026-03-04 10:57:52 [INFO] HISTORIQUE {"agent_id":1,"action":"read","resource":"document","resource_id":null,"resource_identifier":"liste des documents","description":"Consultation de la liste des documents","method":"GET","path":"/api/documents","status":200,"ip":"::1","user_agent":"Mozilla/5.0 (Windows NT 10.0; Win64; x64) AppleWebKit/537.36 (KHTML, like Gecko) Chrome/145.0.0.0 Safari/537.36","data":{"count":1,"duration":30}}
2026-03-04 10:57:52 [INFO] ✅ Champs de métadonnées récupérés {"typeId":"19","count":2,"userId":1,"duration":9}
2026-03-04 10:57:54 [INFO] ✅ Métadonnées de la pièce récupérées {"pieceId":"14","count":4,"userId":1,"duration":12}
2026-03-04 10:57:54 [ERROR] ❌ getLotUniqueFiles: {"documentId":"56","error":"Unknown column 'document_value_id' in 'field list'","stack":"Error\n    at Query.run (C:\\Users\\pc\\Desktop\\Project\\DGCC\\backend\\node_modules\\sequelize\\lib\\dialects\\mysql\\query.js:52:25)\n    at C:\\Users\\pc\\Desktop\\Project\\DGCC\\backend\\node_modules\\sequelize\\lib\\sequelize.js:315:28\n    at process.processTicksAndRejections (node:internal/process/task_queues:103:5)\n    at async MySQLQueryInterface.select (C:\\Users\\pc\\Desktop\\Project\\DGCC\\backend\\node_modules\\sequelize\\lib\\dialects\\abstract\\query-interface.js:407:12)\n    at async document_fichiers.findAll (C:\\Users\\pc\\Desktop\\Project\\DGCC\\backend\\node_modules\\sequelize\\lib\\model.js:1140:21)\n    at async exports.getLotUniqueFiles (C:\\Users\\pc\\Desktop\\Project\\DGCC\\backend\\controllers\\document.controller.js:1172:19)","userId":1,"duration":73}
2026-03-04 10:57:54 [INFO] ✅ Métadonnées de la pièce récupérées {"pieceId":"13","count":0,"userId":1,"duration":17}
2026-03-04 10:57:54 [INFO] ✅ Valeurs de pièces récupérées {"documentId":"56","count":4,"userId":1,"duration":19}
2026-03-04 10:58:07 [INFO] 🔄 Mise à jour disponibilité pièce {"documentId":"56","pieceId":"13","userId":1,"disponible":true}
2026-03-04 10:58:07 [INFO] ✅ Disponibilité mise à jour {"documentId":"56","pieceId":"13","disponible":true,"userId":1,"duration":33}
2026-03-04 10:58:07 [INFO] HISTORIQUE {"agent_id":1,"action":"update","resource":"document_pieces","resource_identifier":"Pièce #13 du document #56","description":"Mise à jour disponibilité: disponible","method":"PATCH","path":"/api/documents/56/pieces/13/disponible","status":200,"ip":"::1","user_agent":"Mozilla/5.0 (Windows NT 10.0; Win64; x64) AppleWebKit/537.36 (KHTML, like Gecko) Chrome/145.0.0.0 Safari/537.36","data":{"disponible":true,"duration":35}}
2026-03-04 10:58:12 [ERROR] ❌ getLotUniqueFiles: {"documentId":"56","error":"Unknown column 'document_value_id' in 'field list'","stack":"Error\n    at Query.run (C:\\Users\\pc\\Desktop\\Project\\DGCC\\backend\\node_modules\\sequelize\\lib\\dialects\\mysql\\query.js:52:25)\n    at C:\\Users\\pc\\Desktop\\Project\\DGCC\\backend\\node_modules\\sequelize\\lib\\sequelize.js:315:28\n    at process.processTicksAndRejections (node:internal/process/task_queues:103:5)\n    at async MySQLQueryInterface.select (C:\\Users\\pc\\Desktop\\Project\\DGCC\\backend\\node_modules\\sequelize\\lib\\dialects\\abstract\\query-interface.js:407:12)\n    at async document_fichiers.findAll (C:\\Users\\pc\\Desktop\\Project\\DGCC\\backend\\node_modules\\sequelize\\lib\\model.js:1140:21)\n    at async exports.getLotUniqueFiles (C:\\Users\\pc\\Desktop\\Project\\DGCC\\backend\\controllers\\document.controller.js:1172:19)","userId":1,"duration":5}
2026-03-04 10:58:17 [INFO] ✅ Documents récupérés {"count":1,"userId":1,"duration":62}
2026-03-04 10:58:17 [INFO] HISTORIQUE {"agent_id":1,"action":"read","resource":"document","resource_id":null,"resource_identifier":"liste des documents","description":"Consultation de la liste des documents","method":"GET","path":"/api/documents","status":200,"ip":"::1","user_agent":"Mozilla/5.0 (Windows NT 10.0; Win64; x64) AppleWebKit/537.36 (KHTML, like Gecko) Chrome/145.0.0.0 Safari/537.36","data":{"count":1,"duration":64}}
2026-03-04 10:58:17 [INFO] ✅ Types de documents récupérés {"count":12,"userId":1,"duration":283}
2026-03-04 10:58:17 [INFO] ✅ Types de documents récupérés {"count":12,"userId":1,"duration":94}
2026-03-04 10:58:21 [INFO] ✅ Champs de métadonnées récupérés {"typeId":"19","count":2,"userId":1,"duration":10}
2026-03-04 10:58:21 [INFO] ✅ Documents récupérés {"count":1,"userId":1,"duration":23}
2026-03-04 10:58:21 [INFO] HISTORIQUE {"agent_id":1,"action":"read","resource":"document","resource_id":null,"resource_identifier":"liste des documents","description":"Consultation de la liste des documents","method":"GET","path":"/api/documents","status":200,"ip":"::1","user_agent":"Mozilla/5.0 (Windows NT 10.0; Win64; x64) AppleWebKit/537.36 (KHTML, like Gecko) Chrome/145.0.0.0 Safari/537.36","data":{"count":1,"duration":24}}
2026-03-04 10:58:21 [INFO] ✅ Champs de métadonnées récupérés {"typeId":"19","count":2,"userId":1,"duration":21}
2026-03-04 10:58:23 [INFO] ✅ Métadonnées de la pièce récupérées {"pieceId":"13","count":0,"userId":1,"duration":112}
2026-03-04 10:58:23 [INFO] ✅ Métadonnées de la pièce récupérées {"pieceId":"14","count":4,"userId":1,"duration":78}
2026-03-04 10:58:23 [ERROR] ❌ getLotUniqueFiles: {"documentId":"56","error":"Unknown column 'document_value_id' in 'field list'","stack":"Error\n    at Query.run (C:\\Users\\pc\\Desktop\\Project\\DGCC\\backend\\node_modules\\sequelize\\lib\\dialects\\mysql\\query.js:52:25)\n    at C:\\Users\\pc\\Desktop\\Project\\DGCC\\backend\\node_modules\\sequelize\\lib\\sequelize.js:315:28\n    at process.processTicksAndRejections (node:internal/process/task_queues:103:5)\n    at async MySQLQueryInterface.select (C:\\Users\\pc\\Desktop\\Project\\DGCC\\backend\\node_modules\\sequelize\\lib\\dialects\\abstract\\query-interface.js:407:12)\n    at async document_fichiers.findAll (C:\\Users\\pc\\Desktop\\Project\\DGCC\\backend\\node_modules\\sequelize\\lib\\model.js:1140:21)\n    at async exports.getLotUniqueFiles (C:\\Users\\pc\\Desktop\\Project\\DGCC\\backend\\controllers\\document.controller.js:1172:19)","userId":1,"duration":28}
2026-03-04 10:58:23 [INFO] ✅ Valeurs de pièces récupérées {"documentId":"56","count":4,"userId":1,"duration":12}
2026-03-04 10:58:24 [ERROR] ❌ getPieceFiles error: {"documentId":"56","pieceId":"13","error":"Unknown column 'document_value_id' in 'field list'","stack":"Error\n    at Query.run (C:\\Users\\pc\\Desktop\\Project\\DGCC\\backend\\node_modules\\sequelize\\lib\\dialects\\mysql\\query.js:52:25)\n    at C:\\Users\\pc\\Desktop\\Project\\DGCC\\backend\\node_modules\\sequelize\\lib\\sequelize.js:315:28\n    at process.processTicksAndRejections (node:internal/process/task_queues:103:5)\n    at async MySQLQueryInterface.select (C:\\Users\\pc\\Desktop\\Project\\DGCC\\backend\\node_modules\\sequelize\\lib\\dialects\\abstract\\query-interface.js:407:12)\n    at async document_fichiers.findAll (C:\\Users\\pc\\Desktop\\Project\\DGCC\\backend\\node_modules\\sequelize\\lib\\model.js:1140:21)\n    at async exports.getDocumentFiles (C:\\Users\\pc\\Desktop\\Project\\DGCC\\backend\\controllers\\document.controller.js:1033:19)","userId":1,"duration":6}
2026-03-04 10:58:35 [INFO] 📤 Upload de fichiers pour document {"documentId":"56","pieceId":"13","userId":1}
2026-03-04 10:58:35 [INFO] ✅ Fichiers uploadés avec succès {"documentId":"56","pieceId":"13","count":1,"userId":1,"duration":49}
2026-03-04 10:58:35 [INFO] HISTORIQUE {"agent_id":1,"action":"upload","resource":"document_fichier","resource_id":null,"resource_identifier":"Upload de 1 fichier(s)","description":"Upload de 1 fichier(s) pour le document #56","method":"POST","path":"/api/documents/56/document-type/19/piece/13/files","status":200,"ip":"::1","user_agent":"Mozilla/5.0 (Windows NT 10.0; Win64; x64) AppleWebKit/537.36 (KHTML, like Gecko) Chrome/145.0.0.0 Safari/537.36","data":{"count":1,"files":[{"id":5,"name":"EX1.pdf"}],"duration":51}}
2026-03-04 10:58:35 [ERROR] ❌ getPieceFiles error: {"documentId":"56","pieceId":"13","error":"Unknown column 'document_value_id' in 'field list'","stack":"Error\n    at Query.run (C:\\Users\\pc\\Desktop\\Project\\DGCC\\backend\\node_modules\\sequelize\\lib\\dialects\\mysql\\query.js:52:25)\n    at C:\\Users\\pc\\Desktop\\Project\\DGCC\\backend\\node_modules\\sequelize\\lib\\sequelize.js:315:28\n    at process.processTicksAndRejections (node:internal/process/task_queues:103:5)\n    at async MySQLQueryInterface.select (C:\\Users\\pc\\Desktop\\Project\\DGCC\\backend\\node_modules\\sequelize\\lib\\dialects\\abstract\\query-interface.js:407:12)\n    at async document_fichiers.findAll (C:\\Users\\pc\\Desktop\\Project\\DGCC\\backend\\node_modules\\sequelize\\lib\\model.js:1140:21)\n    at async exports.getDocumentFiles (C:\\Users\\pc\\Desktop\\Project\\DGCC\\backend\\controllers\\document.controller.js:1033:19)","userId":1,"duration":4}
2026-03-04 10:58:40 [INFO] ✅ Documents récupérés {"count":1,"userId":1,"duration":152}
2026-03-04 10:58:40 [INFO] HISTORIQUE {"agent_id":1,"action":"read","resource":"document","resource_id":null,"resource_identifier":"liste des documents","description":"Consultation de la liste des documents","method":"GET","path":"/api/documents","status":200,"ip":"::1","user_agent":"Mozilla/5.0 (Windows NT 10.0; Win64; x64) AppleWebKit/537.36 (KHTML, like Gecko) Chrome/145.0.0.0 Safari/537.36","data":{"count":1,"duration":161}}
2026-03-04 10:58:40 [INFO] ✅ Types de documents récupérés {"count":12,"userId":1,"duration":398}
2026-03-04 10:58:41 [INFO] ✅ Types de documents récupérés {"count":12,"userId":1,"duration":76}
2026-03-04 10:58:43 [INFO] ✅ Champs de métadonnées récupérés {"typeId":"19","count":2,"userId":1,"duration":8}
2026-03-04 10:58:43 [INFO] ✅ Documents récupérés {"count":1,"userId":1,"duration":85}
2026-03-04 10:58:43 [INFO] HISTORIQUE {"agent_id":1,"action":"read","resource":"document","resource_id":null,"resource_identifier":"liste des documents","description":"Consultation de la liste des documents","method":"GET","path":"/api/documents","status":200,"ip":"::1","user_agent":"Mozilla/5.0 (Windows NT 10.0; Win64; x64) AppleWebKit/537.36 (KHTML, like Gecko) Chrome/145.0.0.0 Safari/537.36","data":{"count":1,"duration":90}}
2026-03-04 10:58:43 [INFO] ✅ Champs de métadonnées récupérés {"typeId":"19","count":2,"userId":1,"duration":172}
2026-03-04 10:58:45 [INFO] ✅ Métadonnées de la pièce récupérées {"pieceId":"14","count":4,"userId":1,"duration":35}
2026-03-04 10:58:45 [INFO] ✅ Métadonnées de la pièce récupérées {"pieceId":"13","count":0,"userId":1,"duration":19}
2026-03-04 10:58:45 [ERROR] ❌ getLotUniqueFiles: {"documentId":"56","error":"Unknown column 'document_value_id' in 'field list'","stack":"Error\n    at Query.run (C:\\Users\\pc\\Desktop\\Project\\DGCC\\backend\\node_modules\\sequelize\\lib\\dialects\\mysql\\query.js:52:25)\n    at C:\\Users\\pc\\Desktop\\Project\\DGCC\\backend\\node_modules\\sequelize\\lib\\sequelize.js:315:28\n    at process.processTicksAndRejections (node:internal/process/task_queues:103:5)\n    at async MySQLQueryInterface.select (C:\\Users\\pc\\Desktop\\Project\\DGCC\\backend\\node_modules\\sequelize\\lib\\dialects\\abstract\\query-interface.js:407:12)\n    at async document_fichiers.findAll (C:\\Users\\pc\\Desktop\\Project\\DGCC\\backend\\node_modules\\sequelize\\lib\\model.js:1140:21)\n    at async exports.getLotUniqueFiles (C:\\Users\\pc\\Desktop\\Project\\DGCC\\backend\\controllers\\document.controller.js:1172:19)","userId":1,"duration":5}
2026-03-04 10:58:45 [INFO] ✅ Valeurs de pièces récupérées {"documentId":"56","count":4,"userId":1,"duration":11}
2026-03-04 10:58:46 [ERROR] ❌ getPieceFiles error: {"documentId":"56","pieceId":"13","error":"Unknown column 'document_value_id' in 'field list'","stack":"Error\n    at Query.run (C:\\Users\\pc\\Desktop\\Project\\DGCC\\backend\\node_modules\\sequelize\\lib\\dialects\\mysql\\query.js:52:25)\n    at C:\\Users\\pc\\Desktop\\Project\\DGCC\\backend\\node_modules\\sequelize\\lib\\sequelize.js:315:28\n    at process.processTicksAndRejections (node:internal/process/task_queues:103:5)\n    at async MySQLQueryInterface.select (C:\\Users\\pc\\Desktop\\Project\\DGCC\\backend\\node_modules\\sequelize\\lib\\dialects\\abstract\\query-interface.js:407:12)\n    at async document_fichiers.findAll (C:\\Users\\pc\\Desktop\\Project\\DGCC\\backend\\node_modules\\sequelize\\lib\\model.js:1140:21)\n    at async exports.getDocumentFiles (C:\\Users\\pc\\Desktop\\Project\\DGCC\\backend\\controllers\\document.controller.js:1033:19)","userId":1,"duration":8}
2026-03-04 10:59:05 [INFO] 📤 Upload de fichiers pour document {"documentId":"56","pieceId":"13","userId":1}
2026-03-04 10:59:05 [INFO] ✅ Fichiers uploadés avec succès {"documentId":"56","pieceId":"13","count":1,"userId":1,"duration":26}
2026-03-04 10:59:05 [INFO] HISTORIQUE {"agent_id":1,"action":"upload","resource":"document_fichier","resource_id":null,"resource_identifier":"Upload de 1 fichier(s)","description":"Upload de 1 fichier(s) pour le document #56","method":"POST","path":"/api/documents/56/document-type/19/piece/13/files","status":200,"ip":"::1","user_agent":"Mozilla/5.0 (Windows NT 10.0; Win64; x64) AppleWebKit/537.36 (KHTML, like Gecko) Chrome/145.0.0.0 Safari/537.36","data":{"count":1,"files":[{"id":6,"name":"EX1.pdf"}],"duration":31}}
2026-03-04 10:59:05 [ERROR] ❌ getPieceFiles error: {"documentId":"56","pieceId":"13","error":"Unknown column 'document_value_id' in 'field list'","stack":"Error\n    at Query.run (C:\\Users\\pc\\Desktop\\Project\\DGCC\\backend\\node_modules\\sequelize\\lib\\dialects\\mysql\\query.js:52:25)\n    at C:\\Users\\pc\\Desktop\\Project\\DGCC\\backend\\node_modules\\sequelize\\lib\\sequelize.js:315:28\n    at process.processTicksAndRejections (node:internal/process/task_queues:103:5)\n    at async MySQLQueryInterface.select (C:\\Users\\pc\\Desktop\\Project\\DGCC\\backend\\node_modules\\sequelize\\lib\\dialects\\abstract\\query-interface.js:407:12)\n    at async document_fichiers.findAll (C:\\Users\\pc\\Desktop\\Project\\DGCC\\backend\\node_modules\\sequelize\\lib\\model.js:1140:21)\n    at async exports.getDocumentFiles (C:\\Users\\pc\\Desktop\\Project\\DGCC\\backend\\controllers\\document.controller.js:1033:19)","userId":1,"duration":5}
2026-03-04 11:10:01 [INFO] ✅ Logger initialisé avec succès 
2026-03-04 11:10:08 [INFO] ✅ Documents récupérés {"count":1,"userId":1,"duration":92}
2026-03-04 11:10:08 [INFO] HISTORIQUE {"agent_id":1,"action":"read","resource":"document","resource_id":null,"resource_identifier":"liste des documents","description":"Consultation de la liste des documents","method":"GET","path":"/api/documents","status":200,"ip":"::1","user_agent":"Mozilla/5.0 (Windows NT 10.0; Win64; x64) AppleWebKit/537.36 (KHTML, like Gecko) Chrome/145.0.0.0 Safari/537.36","data":{"count":1,"duration":98}}
2026-03-04 11:10:08 [INFO] ✅ Types de documents récupérés {"count":12,"userId":1,"duration":167}
2026-03-04 11:10:08 [INFO] ✅ Types de documents récupérés {"count":12,"userId":1,"duration":63}
2026-03-04 11:10:11 [INFO] ✅ Champs de métadonnées récupérés {"typeId":"19","count":2,"userId":1,"duration":26}
2026-03-04 11:10:11 [INFO] ✅ Documents récupérés {"count":1,"userId":1,"duration":32}
2026-03-04 11:10:11 [INFO] HISTORIQUE {"agent_id":1,"action":"read","resource":"document","resource_id":null,"resource_identifier":"liste des documents","description":"Consultation de la liste des documents","method":"GET","path":"/api/documents","status":200,"ip":"::1","user_agent":"Mozilla/5.0 (Windows NT 10.0; Win64; x64) AppleWebKit/537.36 (KHTML, like Gecko) Chrome/145.0.0.0 Safari/537.36","data":{"count":1,"duration":34}}
2026-03-04 11:10:11 [INFO] ✅ Champs de métadonnées récupérés {"typeId":"19","count":2,"userId":1,"duration":31}
2026-03-04 11:10:13 [INFO] ✅ Métadonnées de la pièce récupérées {"pieceId":"14","count":4,"userId":1,"duration":57}
2026-03-04 11:10:13 [INFO] ✅ Fichiers lot unique récupérés {"documentId":"56","count":0,"userId":1,"duration":39}
2026-03-04 11:10:13 [INFO] ✅ Métadonnées de la pièce récupérées {"pieceId":"13","count":0,"userId":1,"duration":23}
2026-03-04 11:10:13 [INFO] ✅ Valeurs de pièces récupérées {"documentId":"56","count":4,"userId":1,"duration":13}
2026-03-04 11:10:15 [INFO] ✅ Fichiers récupérés {"documentId":"56","pieceId":"13","count":2,"userId":1,"duration":12}
2026-03-04 11:17:58 [INFO] ✅ Logger initialisé avec succès 
2026-03-04 11:32:38 [INFO] 📤 Upload de fichiers pour document {"documentId":"56","pieceId":"13","userId":1}
2026-03-04 11:32:38 [INFO] ✅ Fichiers uploadés avec succès {"documentId":"56","pieceId":"13","count":1,"userId":1,"duration":32}
2026-03-04 11:32:38 [INFO] HISTORIQUE {"agent_id":1,"action":"upload","resource":"document_fichier","resource_id":null,"resource_identifier":"Upload de 1 fichier(s)","description":"Upload de 1 fichier(s) pour le document #56","method":"POST","path":"/api/documents/56/document-type/19/piece/13/files","status":200,"ip":"::1","user_agent":"Mozilla/5.0 (Windows NT 10.0; Win64; x64) AppleWebKit/537.36 (KHTML, like Gecko) Chrome/145.0.0.0 Safari/537.36","data":{"count":1,"files":[{"id":7,"name":"EX1.pdf"}],"duration":37}}
2026-03-04 11:32:38 [INFO] ✅ Fichiers récupérés {"documentId":"56","pieceId":"13","count":1,"userId":1,"duration":10}
2026-03-04 11:56:35 [INFO] ✅ Logger initialisé avec succès 
2026-03-04 11:56:55 [ERROR] ❌ Erreur getAll documents: {"error":"DocumentFile is associated to DocumentValue using an alias. You've included an alias (file), but it does not match the alias(es) defined in your association (files).","stack":"SequelizeEagerLoadingError: DocumentFile is associated to DocumentValue using an alias. You've included an alias (file), but it does not match the alias(es) defined in your association (files).\n    at DocumentValue._getIncludedAssociation (C:\\Users\\pc\\Desktop\\Project\\DGCC\\backend\\node_modules\\sequelize\\lib\\model.js:574:15)\n    at DocumentValue._validateIncludedElement (C:\\Users\\pc\\Desktop\\Project\\DGCC\\backend\\node_modules\\sequelize\\lib\\model.js:502:53)\n    at C:\\Users\\pc\\Desktop\\Project\\DGCC\\backend\\node_modules\\sequelize\\lib\\model.js:421:37\n    at Array.map (<anonymous>)\n    at DocumentValue._validateIncludedElements (C:\\Users\\pc\\Desktop\\Project\\DGCC\\backend\\node_modules\\sequelize\\lib\\model.js:417:39)\n    at Document._validateIncludedElement (C:\\Users\\pc\\Desktop\\Project\\DGCC\\backend\\node_modules\\sequelize\\lib\\model.js:557:38)\n    at C:\\Users\\pc\\Desktop\\Project\\DGCC\\backend\\node_modules\\sequelize\\lib\\model.js:421:37\n    at Array.map (<anonymous>)\n    at Document._validateIncludedElements (C:\\Users\\pc\\Desktop\\Project\\DGCC\\backend\\node_modules\\sequelize\\lib\\model.js:417:39)\n    at Document.findAll (C:\\Users\\pc\\Desktop\\Project\\DGCC\\backend\\node_modules\\sequelize\\lib\\model.js:1124:12)","userId":1,"duration":6}
2026-03-04 11:56:55 [INFO] ✅ Types de documents récupérés {"count":12,"userId":1,"duration":316}
2026-03-04 11:56:55 [INFO] ✅ Types de documents récupérés {"count":12,"userId":1,"duration":73}
2026-03-04 11:56:56 [ERROR] ❌ Erreur getAll documents: {"error":"DocumentFile is associated to DocumentValue using an alias. You've included an alias (file), but it does not match the alias(es) defined in your association (files).","stack":"SequelizeEagerLoadingError: DocumentFile is associated to DocumentValue using an alias. You've included an alias (file), but it does not match the alias(es) defined in your association (files).\n    at DocumentValue._getIncludedAssociation (C:\\Users\\pc\\Desktop\\Project\\DGCC\\backend\\node_modules\\sequelize\\lib\\model.js:574:15)\n    at DocumentValue._validateIncludedElement (C:\\Users\\pc\\Desktop\\Project\\DGCC\\backend\\node_modules\\sequelize\\lib\\model.js:502:53)\n    at C:\\Users\\pc\\Desktop\\Project\\DGCC\\backend\\node_modules\\sequelize\\lib\\model.js:421:37\n    at Array.map (<anonymous>)\n    at DocumentValue._validateIncludedElements (C:\\Users\\pc\\Desktop\\Project\\DGCC\\backend\\node_modules\\sequelize\\lib\\model.js:417:39)\n    at Document._validateIncludedElement (C:\\Users\\pc\\Desktop\\Project\\DGCC\\backend\\node_modules\\sequelize\\lib\\model.js:557:38)\n    at C:\\Users\\pc\\Desktop\\Project\\DGCC\\backend\\node_modules\\sequelize\\lib\\model.js:421:37\n    at Array.map (<anonymous>)\n    at Document._validateIncludedElements (C:\\Users\\pc\\Desktop\\Project\\DGCC\\backend\\node_modules\\sequelize\\lib\\model.js:417:39)\n    at Document.findAll (C:\\Users\\pc\\Desktop\\Project\\DGCC\\backend\\node_modules\\sequelize\\lib\\model.js:1124:12)","userId":1,"duration":7}
2026-03-04 11:58:22 [INFO] ✅ Logger initialisé avec succès 
2026-03-04 11:58:27 [ERROR] ❌ Erreur getAll documents: {"error":"DocumentFile is associated to DocumentValue using an alias. You've included an alias (file), but it does not match the alias(es) defined in your association (files).","stack":"SequelizeEagerLoadingError: DocumentFile is associated to DocumentValue using an alias. You've included an alias (file), but it does not match the alias(es) defined in your association (files).\n    at DocumentValue._getIncludedAssociation (C:\\Users\\pc\\Desktop\\Project\\DGCC\\backend\\node_modules\\sequelize\\lib\\model.js:574:15)\n    at DocumentValue._validateIncludedElement (C:\\Users\\pc\\Desktop\\Project\\DGCC\\backend\\node_modules\\sequelize\\lib\\model.js:502:53)\n    at C:\\Users\\pc\\Desktop\\Project\\DGCC\\backend\\node_modules\\sequelize\\lib\\model.js:421:37\n    at Array.map (<anonymous>)\n    at DocumentValue._validateIncludedElements (C:\\Users\\pc\\Desktop\\Project\\DGCC\\backend\\node_modules\\sequelize\\lib\\model.js:417:39)\n    at Document._validateIncludedElement (C:\\Users\\pc\\Desktop\\Project\\DGCC\\backend\\node_modules\\sequelize\\lib\\model.js:557:38)\n    at C:\\Users\\pc\\Desktop\\Project\\DGCC\\backend\\node_modules\\sequelize\\lib\\model.js:421:37\n    at Array.map (<anonymous>)\n    at Document._validateIncludedElements (C:\\Users\\pc\\Desktop\\Project\\DGCC\\backend\\node_modules\\sequelize\\lib\\model.js:417:39)\n    at Document.findAll (C:\\Users\\pc\\Desktop\\Project\\DGCC\\backend\\node_modules\\sequelize\\lib\\model.js:1124:12)","userId":1,"duration":4}
2026-03-04 11:58:28 [INFO] ✅ Types de documents récupérés {"count":12,"userId":1,"duration":361}
2026-03-04 11:58:28 [INFO] ✅ Types de documents récupérés {"count":12,"userId":1,"duration":86}
2026-03-04 11:58:29 [ERROR] ❌ Erreur getAll documents: {"error":"DocumentFile is associated to DocumentValue using an alias. You've included an alias (file), but it does not match the alias(es) defined in your association (files).","stack":"SequelizeEagerLoadingError: DocumentFile is associated to DocumentValue using an alias. You've included an alias (file), but it does not match the alias(es) defined in your association (files).\n    at DocumentValue._getIncludedAssociation (C:\\Users\\pc\\Desktop\\Project\\DGCC\\backend\\node_modules\\sequelize\\lib\\model.js:574:15)\n    at DocumentValue._validateIncludedElement (C:\\Users\\pc\\Desktop\\Project\\DGCC\\backend\\node_modules\\sequelize\\lib\\model.js:502:53)\n    at C:\\Users\\pc\\Desktop\\Project\\DGCC\\backend\\node_modules\\sequelize\\lib\\model.js:421:37\n    at Array.map (<anonymous>)\n    at DocumentValue._validateIncludedElements (C:\\Users\\pc\\Desktop\\Project\\DGCC\\backend\\node_modules\\sequelize\\lib\\model.js:417:39)\n    at Document._validateIncludedElement (C:\\Users\\pc\\Desktop\\Project\\DGCC\\backend\\node_modules\\sequelize\\lib\\model.js:557:38)\n    at C:\\Users\\pc\\Desktop\\Project\\DGCC\\backend\\node_modules\\sequelize\\lib\\model.js:421:37\n    at Array.map (<anonymous>)\n    at Document._validateIncludedElements (C:\\Users\\pc\\Desktop\\Project\\DGCC\\backend\\node_modules\\sequelize\\lib\\model.js:417:39)\n    at Document.findAll (C:\\Users\\pc\\Desktop\\Project\\DGCC\\backend\\node_modules\\sequelize\\lib\\model.js:1124:12)","userId":1,"duration":4}
2026-03-04 12:00:13 [INFO] ✅ Logger initialisé avec succès 
2026-03-04 12:00:20 [INFO] ✅ Documents récupérés {"count":1,"userId":1,"duration":205}
2026-03-04 12:00:20 [INFO] HISTORIQUE {"agent_id":1,"action":"read","resource":"document","resource_id":null,"resource_identifier":"liste des documents","description":"Consultation de la liste des documents","method":"GET","path":"/api/documents","status":200,"ip":"::1","user_agent":"Mozilla/5.0 (Windows NT 10.0; Win64; x64) AppleWebKit/537.36 (KHTML, like Gecko) Chrome/145.0.0.0 Safari/537.36","data":{"count":1,"duration":260}}
2026-03-04 12:00:20 [INFO] ✅ Types de documents récupérés {"count":12,"userId":1,"duration":667}
2026-03-04 12:00:20 [INFO] ✅ Types de documents récupérés {"count":12,"userId":1,"duration":116}
2026-03-04 12:00:24 [INFO] ✅ Champs de métadonnées récupérés {"typeId":"19","count":2,"userId":1,"duration":21}
2026-03-04 12:00:24 [INFO] ✅ Documents récupérés {"count":1,"userId":1,"duration":30}
2026-03-04 12:00:24 [INFO] HISTORIQUE {"agent_id":1,"action":"read","resource":"document","resource_id":null,"resource_identifier":"liste des documents","description":"Consultation de la liste des documents","method":"GET","path":"/api/documents","status":200,"ip":"::1","user_agent":"Mozilla/5.0 (Windows NT 10.0; Win64; x64) AppleWebKit/537.36 (KHTML, like Gecko) Chrome/145.0.0.0 Safari/537.36","data":{"count":1,"duration":33}}
2026-03-04 12:00:24 [INFO] ✅ Champs de métadonnées récupérés {"typeId":"19","count":2,"userId":1,"duration":12}
2026-03-04 12:00:26 [INFO] ✅ Métadonnées de la pièce récupérées {"pieceId":"14","count":4,"userId":1,"duration":46}
2026-03-04 12:00:26 [INFO] ✅ Métadonnées de la pièce récupérées {"pieceId":"13","count":0,"userId":1,"duration":42}
2026-03-04 12:00:26 [INFO] ✅ Fichiers lot unique récupérés {"documentId":"56","count":0,"userId":1,"duration":12}
2026-03-04 12:00:26 [INFO] ✅ Valeurs de pièces récupérées {"documentId":"56","count":4,"userId":1,"duration":11}
2026-03-04 12:00:28 [INFO] ✅ Fichiers récupérés {"documentId":"56","pieceId":"13","count":0,"userId":1,"duration":9}
2026-03-04 12:00:38 [INFO] 📤 Upload de fichiers pour document {"documentId":"56","pieceId":"13","userId":1}
2026-03-04 12:00:38 [INFO] ✅ Fichiers uploadés avec succès {"documentId":"56","pieceId":"13","count":1,"userId":1,"duration":46}
2026-03-04 12:00:38 [INFO] HISTORIQUE {"agent_id":1,"action":"upload","resource":"document_fichier","resource_id":null,"resource_identifier":"Upload de 1 fichier(s)","description":"Upload de 1 fichier(s) pour le document #56","method":"POST","path":"/api/documents/56/document-type/19/piece/13/files","status":200,"ip":"::1","user_agent":"Mozilla/5.0 (Windows NT 10.0; Win64; x64) AppleWebKit/537.36 (KHTML, like Gecko) Chrome/145.0.0.0 Safari/537.36","data":{"count":1,"files":[{"id":8,"name":"EX1.pdf"}],"duration":50}}
2026-03-04 12:00:38 [INFO] ✅ Fichiers récupérés {"documentId":"56","pieceId":"13","count":1,"userId":1,"duration":6}
2026-03-04 12:07:51 [INFO] ✅ Logger initialisé avec succès 
2026-03-04 13:35:09 [INFO] ✅ Documents récupérés {"count":1,"userId":1,"duration":41}
2026-03-04 13:35:09 [INFO] HISTORIQUE {"agent_id":1,"action":"read","resource":"document","resource_id":null,"resource_identifier":"liste des documents","description":"Consultation de la liste des documents","method":"GET","path":"/api/documents","status":200,"ip":"::1","user_agent":"Mozilla/5.0 (Windows NT 10.0; Win64; x64) AppleWebKit/537.36 (KHTML, like Gecko) Chrome/145.0.0.0 Safari/537.36","data":{"count":1,"duration":45}}
2026-03-04 13:35:09 [INFO] ✅ Types de documents récupérés {"count":12,"userId":1,"duration":520}
2026-03-04 13:35:09 [INFO] ✅ Types de documents récupérés {"count":12,"userId":1,"duration":48}
2026-03-04 13:35:13 [INFO] ✅ Champs de métadonnées récupérés {"typeId":"19","count":2,"userId":1,"duration":22}
2026-03-04 13:35:13 [INFO] ✅ Documents récupérés {"count":1,"userId":1,"duration":30}
2026-03-04 13:35:13 [INFO] HISTORIQUE {"agent_id":1,"action":"read","resource":"document","resource_id":null,"resource_identifier":"liste des documents","description":"Consultation de la liste des documents","method":"GET","path":"/api/documents","status":200,"ip":"::1","user_agent":"Mozilla/5.0 (Windows NT 10.0; Win64; x64) AppleWebKit/537.36 (KHTML, like Gecko) Chrome/145.0.0.0 Safari/537.36","data":{"count":1,"duration":33}}
2026-03-04 13:35:13 [INFO] ✅ Champs de métadonnées récupérés {"typeId":"19","count":2,"userId":1,"duration":9}
2026-03-04 14:56:58 [INFO] ✅ Documents récupérés {"count":1,"userId":1,"duration":38}
2026-03-04 14:56:58 [INFO] HISTORIQUE {"agent_id":1,"action":"read","resource":"document","resource_id":null,"resource_identifier":"liste des documents","description":"Consultation de la liste des documents","method":"GET","path":"/api/documents","status":200,"ip":"::1","user_agent":"Mozilla/5.0 (Windows NT 10.0; Win64; x64) AppleWebKit/537.36 (KHTML, like Gecko) Chrome/145.0.0.0 Safari/537.36","data":{"count":1,"duration":42}}
2026-03-04 14:56:58 [INFO] ✅ Types de documents récupérés {"count":12,"userId":1,"duration":101}
2026-03-04 14:56:58 [INFO] ✅ Champs de métadonnées récupérés {"typeId":"19","count":2,"userId":1,"duration":33}
2026-03-04 14:56:58 [INFO] ✅ Types de documents récupérés {"count":12,"userId":1,"duration":38}
2026-03-04 14:56:58 [INFO] ✅ Documents récupérés {"count":1,"userId":1,"duration":5}
2026-03-04 14:56:58 [INFO] HISTORIQUE {"agent_id":1,"action":"read","resource":"document","resource_id":null,"resource_identifier":"liste des documents","description":"Consultation de la liste des documents","method":"GET","path":"/api/documents","status":200,"ip":"::1","user_agent":"Mozilla/5.0 (Windows NT 10.0; Win64; x64) AppleWebKit/537.36 (KHTML, like Gecko) Chrome/145.0.0.0 Safari/537.36","data":{"count":1,"duration":6}}
2026-03-04 23:06:10 [INFO] ✅ Documents récupérés {"count":1,"userId":1,"duration":234}
2026-03-04 23:06:10 [INFO] HISTORIQUE {"agent_id":1,"action":"read","resource":"document","resource_id":null,"resource_identifier":"liste des documents","description":"Consultation de la liste des documents","method":"GET","path":"/api/documents","status":200,"ip":"::1","user_agent":"Mozilla/5.0 (Windows NT 10.0; Win64; x64) AppleWebKit/537.36 (KHTML, like Gecko) Chrome/145.0.0.0 Safari/537.36","data":{"count":1,"duration":319}}
2026-03-04 23:06:10 [INFO] ✅ Types de documents récupérés {"count":12,"userId":1,"duration":714}
2026-03-04 23:06:12 [INFO] ✅ Champs de métadonnées récupérés {"typeId":"19","count":2,"userId":1,"duration":59}
2026-03-04 23:06:12 [INFO] ✅ Documents récupérés {"count":1,"userId":1,"duration":55}
2026-03-04 23:06:12 [INFO] HISTORIQUE {"agent_id":1,"action":"read","resource":"document","resource_id":null,"resource_identifier":"liste des documents","description":"Consultation de la liste des documents","method":"GET","path":"/api/documents","status":200,"ip":"::1","user_agent":"Mozilla/5.0 (Windows NT 10.0; Win64; x64) AppleWebKit/537.36 (KHTML, like Gecko) Chrome/145.0.0.0 Safari/537.36","data":{"count":1,"duration":64}}
2026-03-04 23:06:12 [INFO] ✅ Types de documents récupérés {"count":12,"userId":1,"duration":101}
2026-03-04 23:29:37 [INFO] ✅ Documents récupérés {"count":1,"userId":1,"duration":44}
2026-03-04 23:29:37 [INFO] HISTORIQUE {"agent_id":1,"action":"read","resource":"document","resource_id":null,"resource_identifier":"liste des documents","description":"Consultation de la liste des documents","method":"GET","path":"/api/documents","status":200,"ip":"::1","user_agent":"Mozilla/5.0 (Windows NT 10.0; Win64; x64) AppleWebKit/537.36 (KHTML, like Gecko) Chrome/145.0.0.0 Safari/537.36","data":{"count":1,"duration":46}}
2026-03-04 23:29:37 [INFO] ✅ Champs de métadonnées récupérés {"typeId":"19","count":2,"userId":1,"duration":54}
2026-03-04 23:29:37 [INFO] ✅ Types de documents récupérés {"count":12,"userId":1,"duration":112}
2026-03-04 23:29:37 [INFO] ✅ Types de documents récupérés {"count":12,"userId":1,"duration":102}
2026-03-04 23:29:37 [INFO] ✅ Documents récupérés {"count":1,"userId":1,"duration":68}
2026-03-04 23:29:37 [INFO] HISTORIQUE {"agent_id":1,"action":"read","resource":"document","resource_id":null,"resource_identifier":"liste des documents","description":"Consultation de la liste des documents","method":"GET","path":"/api/documents","status":200,"ip":"::1","user_agent":"Mozilla/5.0 (Windows NT 10.0; Win64; x64) AppleWebKit/537.36 (KHTML, like Gecko) Chrome/145.0.0.0 Safari/537.36","data":{"count":1,"duration":84}}
