2026-03-05 01:12:35 [INFO] ✅ Total des agents récupéré {"total":5,"userId":1,"duration":25}
2026-03-05 01:12:36 [INFO] ✅ Types de documents récupérés {"count":12,"userId":1,"duration":213}
2026-03-05 01:12:36 [INFO] ✅ Total des types de documents récupéré {"total":12,"userId":1,"duration":60}
2026-03-05 01:12:36 [INFO] ✅ Total des agents récupéré {"total":5,"userId":1,"duration":30}
2026-03-05 01:12:36 [INFO] ✅ Total des documents récupéré {"total":1,"userId":1,"duration":26}
2026-03-05 01:12:36 [INFO] ✅ Total des types de documents récupéré {"total":12,"userId":1,"duration":14}
2026-03-05 01:12:36 [INFO] ✅ Total des documents récupéré {"total":1,"userId":1,"duration":73}
2026-03-05 01:12:36 [INFO] ✅ Agents par service récupérés {"count":0,"userId":1,"duration":10}
2026-03-05 01:12:36 [INFO] ✅ Agents par direction récupérés {"count":1,"userId":1,"duration":156}
2026-03-05 01:12:36 [INFO] ✅ Agents par division récupérés {"count":0,"userId":1,"duration":101}
2026-03-05 01:12:36 [INFO] ✅ Agents par sous-direction récupérés {"count":0,"userId":1,"duration":72}
2026-03-05 01:12:36 [INFO] ✅ Agents par section récupérés {"count":0,"userId":1,"duration":54}
2026-03-05 01:12:36 [INFO] ✅ Agents par structure récupérés {"count":2,"userId":1,"duration":64}
2026-03-05 01:12:37 [INFO] ✅ Agents par service récupérés {"count":0,"userId":1,"duration":124}
2026-03-05 01:12:37 [INFO] ✅ Agents par direction récupérés {"count":1,"userId":1,"duration":84}
2026-03-05 01:12:37 [INFO] ✅ Agents par division récupérés {"count":0,"userId":1,"duration":69}
2026-03-05 01:12:37 [INFO] ✅ Agents par sous-direction récupérés {"count":0,"userId":1,"duration":45}
2026-03-05 01:12:37 [INFO] ✅ Agents par section récupérés {"count":0,"userId":1,"duration":31}
2026-03-05 01:12:37 [INFO] ✅ Agents par structure récupérés {"count":2,"userId":1,"duration":16}
2026-03-05 01:12:37 [INFO] ✅ Documents par mois récupérés {"count":1,"userId":1,"duration":53}
2026-03-05 01:12:37 [INFO] ✅ Documents par structure récupérés {"count":1,"userId":1,"duration":35}
2026-03-05 01:12:37 [INFO] ✅ Documents par type récupérés {"count":1,"userId":1,"duration":17}
2026-03-05 01:12:37 [INFO] ✅ Documents par mois récupérés {"count":1,"userId":1,"duration":51}
2026-03-05 01:12:37 [INFO] ✅ Documents par structure récupérés {"count":1,"userId":1,"duration":35}
2026-03-05 01:12:37 [INFO] ✅ Documents par type récupérés {"count":1,"userId":1,"duration":13}
2026-03-05 01:12:44 [INFO] ✅ Documents récupérés {"count":1,"userId":1,"duration":25}
2026-03-05 01:12:44 [INFO] HISTORIQUE {"agent_id":1,"action":"read","resource":"document","resource_id":null,"resource_identifier":"liste des documents","description":"Consultation de la liste des documents","method":"GET","path":"/api/documents","status":200,"ip":"::1","user_agent":"Mozilla/5.0 (Windows NT 10.0; Win64; x64) AppleWebKit/537.36 (KHTML, like Gecko) Chrome/145.0.0.0 Safari/537.36","data":{"count":1,"duration":27}}
2026-03-05 01:12:44 [INFO] ✅ Types de documents récupérés {"count":12,"userId":1,"duration":91}
2026-03-05 01:12:46 [INFO] ✅ Champs de métadonnées récupérés {"typeId":"19","count":2,"userId":1,"duration":7}
2026-03-05 01:12:46 [INFO] ✅ Documents récupérés {"count":1,"userId":1,"duration":18}
2026-03-05 01:12:46 [INFO] HISTORIQUE {"agent_id":1,"action":"read","resource":"document","resource_id":null,"resource_identifier":"liste des documents","description":"Consultation de la liste des documents","method":"GET","path":"/api/documents","status":200,"ip":"::1","user_agent":"Mozilla/5.0 (Windows NT 10.0; Win64; x64) AppleWebKit/537.36 (KHTML, like Gecko) Chrome/145.0.0.0 Safari/537.36","data":{"count":1,"duration":20}}
2026-03-05 01:12:46 [INFO] ✅ Champs de métadonnées récupérés {"typeId":"19","count":2,"userId":1,"duration":24}
2026-03-05 01:14:14 [INFO] 📄 Tentative de création d'un document {"userId":1,"type_document_id":19}
2026-03-05 01:14:14 [INFO] ✅ Document créé avec succès {"documentId":57,"type_document_id":19,"userId":1,"duration":132}
2026-03-05 01:14:14 [INFO] HISTORIQUE {"agent_id":1,"action":"create","resource":"document","resource_id":57,"resource_identifier":"#57","description":"Création de document : #57","method":"POST","path":"/api/documents","status":201,"ip":"::1","user_agent":"Mozilla/5.0 (Windows NT 10.0; Win64; x64) AppleWebKit/537.36 (KHTML, like Gecko) Chrome/145.0.0.0 Safari/537.36","new_data":{"id":57,"type_document_id":19,"updatedAt":"2026-03-05T01:14:14.580Z","createdAt":"2026-03-05T01:14:14.580Z"}}
2026-03-05 01:14:14 [INFO] ✅ Documents récupérés {"count":2,"userId":1,"duration":15}
2026-03-05 01:14:14 [INFO] HISTORIQUE {"agent_id":1,"action":"read","resource":"document","resource_id":null,"resource_identifier":"liste des documents","description":"Consultation de la liste des documents","method":"GET","path":"/api/documents","status":200,"ip":"::1","user_agent":"Mozilla/5.0 (Windows NT 10.0; Win64; x64) AppleWebKit/537.36 (KHTML, like Gecko) Chrome/145.0.0.0 Safari/537.36","data":{"count":2,"duration":18}}
2026-03-05 01:14:14 [INFO] ✅ Documents récupérés {"count":2,"userId":1,"duration":28}
2026-03-05 01:14:14 [INFO] HISTORIQUE {"agent_id":1,"action":"read","resource":"document","resource_id":null,"resource_identifier":"liste des documents","description":"Consultation de la liste des documents","method":"GET","path":"/api/documents","status":200,"ip":"::1","user_agent":"Mozilla/5.0 (Windows NT 10.0; Win64; x64) AppleWebKit/537.36 (KHTML, like Gecko) Chrome/145.0.0.0 Safari/537.36","data":{"count":2,"duration":30}}
2026-03-05 01:14:17 [INFO] ✅ Métadonnées de la pièce récupérées {"pieceId":"13","count":0,"userId":1,"duration":38}
2026-03-05 01:14:17 [INFO] ✅ Métadonnées de la pièce récupérées {"pieceId":"14","count":4,"userId":1,"duration":12}
2026-03-05 01:14:17 [INFO] ✅ Valeurs de pièces récupérées {"documentId":"57","count":0,"userId":1,"duration":15}
2026-03-05 01:14:24 [INFO] 🔄 Mise à jour disponibilité pièce {"documentId":"57","pieceId":"13","userId":1,"disponible":true}
2026-03-05 01:14:24 [INFO] ✅ Disponibilité mise à jour {"documentId":"57","pieceId":"13","disponible":true,"userId":1,"duration":42}
2026-03-05 01:14:24 [INFO] HISTORIQUE {"agent_id":1,"action":"update","resource":"document_pieces","resource_identifier":"Pièce #13 du document #57","description":"Mise à jour disponibilité: disponible","method":"PATCH","path":"/api/documents/57/pieces/13/disponible","status":200,"ip":"::1","user_agent":"Mozilla/5.0 (Windows NT 10.0; Win64; x64) AppleWebKit/537.36 (KHTML, like Gecko) Chrome/145.0.0.0 Safari/537.36","data":{"disponible":true,"duration":43}}
2026-03-05 01:14:26 [INFO] 🔄 Mise à jour disponibilité pièce {"documentId":"57","pieceId":"14","userId":1,"disponible":true}
2026-03-05 01:14:26 [INFO] ✅ Disponibilité mise à jour {"documentId":"57","pieceId":"14","disponible":true,"userId":1,"duration":29}
2026-03-05 01:14:26 [INFO] HISTORIQUE {"agent_id":1,"action":"update","resource":"document_pieces","resource_identifier":"Pièce #14 du document #57","description":"Mise à jour disponibilité: disponible","method":"PATCH","path":"/api/documents/57/pieces/14/disponible","status":200,"ip":"::1","user_agent":"Mozilla/5.0 (Windows NT 10.0; Win64; x64) AppleWebKit/537.36 (KHTML, like Gecko) Chrome/145.0.0.0 Safari/537.36","data":{"disponible":true,"duration":30}}
2026-03-05 01:14:29 [INFO] ✅ Documents récupérés {"count":2,"userId":1,"duration":35}
2026-03-05 01:14:29 [INFO] HISTORIQUE {"agent_id":1,"action":"read","resource":"document","resource_id":null,"resource_identifier":"liste des documents","description":"Consultation de la liste des documents","method":"GET","path":"/api/documents","status":200,"ip":"::1","user_agent":"Mozilla/5.0 (Windows NT 10.0; Win64; x64) AppleWebKit/537.36 (KHTML, like Gecko) Chrome/145.0.0.0 Safari/537.36","data":{"count":2,"duration":37}}
2026-03-05 01:14:29 [INFO] ✅ Types de documents récupérés {"count":12,"userId":1,"duration":301}
2026-03-05 01:14:29 [INFO] ✅ Types de documents récupérés {"count":12,"userId":1,"duration":53}
2026-03-05 01:14:32 [INFO] ✅ Champs de métadonnées récupérés {"typeId":"19","count":2,"userId":1,"duration":19}
2026-03-05 01:14:32 [INFO] ✅ Documents récupérés {"count":2,"userId":1,"duration":19}
2026-03-05 01:14:32 [INFO] HISTORIQUE {"agent_id":1,"action":"read","resource":"document","resource_id":null,"resource_identifier":"liste des documents","description":"Consultation de la liste des documents","method":"GET","path":"/api/documents","status":200,"ip":"::1","user_agent":"Mozilla/5.0 (Windows NT 10.0; Win64; x64) AppleWebKit/537.36 (KHTML, like Gecko) Chrome/145.0.0.0 Safari/537.36","data":{"count":2,"duration":20}}
2026-03-05 01:14:32 [INFO] ✅ Champs de métadonnées récupérés {"typeId":"19","count":2,"userId":1,"duration":7}
2026-03-05 01:14:34 [INFO] ✅ Métadonnées de la pièce récupérées {"pieceId":"13","count":0,"userId":1,"duration":32}
2026-03-05 01:14:34 [INFO] ✅ Métadonnées de la pièce récupérées {"pieceId":"14","count":4,"userId":1,"duration":27}
2026-03-05 01:14:34 [INFO] ✅ Fichiers lot unique récupérés {"documentId":"57","count":0,"userId":1,"duration":11}
2026-03-05 01:14:34 [INFO] ✅ Valeurs de pièces récupérées {"documentId":"57","count":0,"userId":1,"duration":16}
2026-03-05 01:15:23 [INFO] ✅ Fichiers récupérés {"documentId":"57","pieceId":"13","count":0,"userId":1,"duration":7}
2026-03-05 01:15:49 [INFO] 📤 Upload de fichiers pour document {"documentId":"57","pieceId":"13","userId":1}
2026-03-05 01:15:49 [INFO] ✅ Fichiers uploadés avec succès {"documentId":"57","pieceId":"13","count":1,"userId":1,"duration":48}
2026-03-05 01:15:49 [INFO] HISTORIQUE {"agent_id":1,"action":"upload","resource":"document_fichier","resource_id":null,"resource_identifier":"Upload de 1 fichier(s)","description":"Upload de 1 fichier(s) pour le document #57","method":"POST","path":"/api/documents/57/document-type/19/piece/13/files","status":200,"ip":"::1","user_agent":"Mozilla/5.0 (Windows NT 10.0; Win64; x64) AppleWebKit/537.36 (KHTML, like Gecko) Chrome/145.0.0.0 Safari/537.36","data":{"count":1,"files":[{"id":9,"name":"EX1.pdf"}],"duration":51}}
2026-03-05 01:15:49 [INFO] ✅ Fichiers récupérés {"documentId":"57","pieceId":"13","count":1,"userId":1,"duration":6}
2026-03-05 11:45:17 [INFO] ✅ Logger initialisé avec succès 
2026-03-05 12:05:05 [INFO] ✅ Logger initialisé avec succès 
2026-03-05 12:08:09 [INFO] ✅ Logger initialisé avec succès 
2026-03-05 12:14:18 [INFO] ✅ Logger initialisé avec succès 
2026-03-05 12:15:50 [INFO] ✅ Logger initialisé avec succès 
2026-03-05 12:21:09 [INFO] ✅ Logger initialisé avec succès 
2026-03-05 12:21:51 [INFO] ✅ Logger initialisé avec succès 
2026-03-05 12:24:47 [INFO] ✅ Logger initialisé avec succès 
2026-03-05 12:27:29 [INFO] ✅ Logger initialisé avec succès 
2026-03-05 12:29:30 [INFO] ✅ Logger initialisé avec succès 
2026-03-05 12:32:13 [INFO] ✅ Logger initialisé avec succès 
2026-03-05 12:35:03 [INFO] ✅ Logger initialisé avec succès 
2026-03-05 12:44:26 [INFO] ✅ Logger initialisé avec succès 
2026-03-05 22:47:38 [INFO] ✅ Logger initialisé avec succès 
2026-03-05 22:48:37 [INFO] ✅ Logger initialisé avec succès 
2026-03-05 22:48:44 [INFO] ✅ Logger initialisé avec succès 
2026-03-05 22:49:09 [INFO] ✅ Logger initialisé avec succès 
2026-03-05 22:50:50 [INFO] ✅ Logger initialisé avec succès 
2026-03-05 22:52:07 [INFO] ✅ Logger initialisé avec succès 
2026-03-05 22:57:53 [INFO] ✅ Logger initialisé avec succès 
2026-03-05 23:01:53 [INFO] ✅ Logger initialisé avec succès 
2026-03-05 23:03:16 [INFO] ✅ Logger initialisé avec succès 
2026-03-05 23:03:45 [INFO] ✅ Logger initialisé avec succès 
2026-03-05 23:04:47 [INFO] ✅ Logger initialisé avec succès 
2026-03-05 23:06:43 [INFO] ✅ Logger initialisé avec succès 
2026-03-05 23:09:27 [INFO] ✅ Logger initialisé avec succès 
2026-03-05 23:10:44 [INFO] ✅ Logger initialisé avec succès 
2026-03-05 23:11:12 [INFO] ✅ Logger initialisé avec succès 
2026-03-05 23:15:28 [INFO] ✅ Logger initialisé avec succès 
2026-03-05 23:19:28 [INFO] ✅ Logger initialisé avec succès 
