2026-03-01 21:47:52 [INFO] ✅ Logger initialisé avec succès 
2026-03-01 22:05:35 [INFO] HISTORIQUE {"agent_id":1,"action":"login","resource":"auth/connexion","method":"POST","path":"/api/auth/connexion","status":200,"ip":"::1","user_agent":"Mozilla/5.0 (Windows NT 10.0; Win64; x64) AppleWebKit/537.36 (KHTML, like Gecko) Chrome/145.0.0.0 Safari/537.36"}
2026-03-01 22:05:35 [INFO] ✅ Profil utilisateur récupéré {"userId":1,"nom":"Mamadou Diouma","duration":218}
2026-03-01 22:05:37 [INFO] ✅ Total des types de documents récupéré {"total":11,"userId":1,"duration":17}
2026-03-01 22:05:37 [INFO] ✅ Types de documents récupérés {"count":11,"userId":1,"duration":124}
2026-03-01 22:05:37 [INFO] ✅ Total des documents récupéré {"total":0,"userId":1,"duration":21}
2026-03-01 22:05:37 [INFO] ✅ Total des agents récupéré {"total":5,"userId":1,"duration":16}
2026-03-01 22:05:37 [INFO] ✅ Total des types de documents récupéré {"total":11,"userId":1,"duration":8}
2026-03-01 22:05:37 [INFO] ✅ Total des agents récupéré {"total":5,"userId":1,"duration":17}
2026-03-01 22:05:37 [INFO] ✅ Total des documents récupéré {"total":0,"userId":1,"duration":8}
2026-03-01 22:05:37 [INFO] ✅ Agents par direction récupérés {"count":1,"userId":1,"duration":27}
2026-03-01 22:05:37 [INFO] ✅ Agents par sous-direction récupérés {"count":0,"userId":1,"duration":25}
2026-03-01 22:05:37 [INFO] ✅ Agents par service récupérés {"count":0,"userId":1,"duration":13}
2026-03-01 22:05:37 [INFO] ✅ Agents par division récupérés {"count":0,"userId":1,"duration":26}
2026-03-01 22:05:37 [INFO] ✅ Agents par structure récupérés {"count":2,"userId":1,"duration":15}
2026-03-01 22:05:37 [INFO] ✅ Agents par section récupérés {"count":0,"userId":1,"duration":14}
2026-03-01 22:05:37 [INFO] ✅ Agents par direction récupérés {"count":1,"userId":1,"duration":33}
2026-03-01 22:05:38 [INFO] ✅ Agents par sous-direction récupérés {"count":0,"userId":1,"duration":66}
2026-03-01 22:05:38 [INFO] ✅ Agents par service récupérés {"count":0,"userId":1,"duration":61}
2026-03-01 22:05:38 [INFO] ✅ Agents par division récupérés {"count":0,"userId":1,"duration":59}
2026-03-01 22:05:38 [INFO] ✅ Agents par structure récupérés {"count":2,"userId":1,"duration":27}
2026-03-01 22:05:38 [INFO] ✅ Agents par section récupérés {"count":0,"userId":1,"duration":9}
2026-03-01 22:05:38 [INFO] ✅ Documents par mois récupérés {"count":0,"userId":1,"duration":7}
2026-03-01 22:05:38 [INFO] ✅ Documents par structure récupérés {"count":0,"userId":1,"duration":4}
2026-03-01 22:05:38 [INFO] ✅ Documents par type récupérés {"count":0,"userId":1,"duration":5}
2026-03-01 22:05:38 [INFO] ✅ Documents par mois récupérés {"count":0,"userId":1,"duration":9}
2026-03-01 22:05:38 [INFO] ✅ Documents par structure récupérés {"count":0,"userId":1,"duration":6}
2026-03-01 22:05:38 [INFO] ✅ Documents par type récupérés {"count":0,"userId":1,"duration":2}
2026-03-01 22:05:52 [INFO] ✅ Droits récupérés {"count":5,"userId":1,"duration":5}
2026-03-01 22:05:52 [INFO] HISTORIQUE {"agent_id":1,"action":"read","resource":"droit","resource_id":null,"resource_identifier":"liste des droits","description":"Consultation de la liste des droits","method":"GET","path":"/api/droits/","status":200,"ip":"::1","user_agent":"Mozilla/5.0 (Windows NT 10.0; Win64; x64) AppleWebKit/537.36 (KHTML, like Gecko) Chrome/145.0.0.0 Safari/537.36","data":{"count":5,"duration":6}}
2026-03-01 22:06:13 [INFO] ✅ Historique récupéré {"count":10,"total":509,"userId":1,"duration":28}
2026-03-01 22:06:13 [INFO] ✅ Historique récupéré {"count":10,"total":509,"userId":1,"duration":13}
2026-03-01 22:06:19 [INFO] ✅ Services récupérés {"count":6,"userId":1,"duration":10}
2026-03-01 22:06:19 [INFO] ✅ Types de documents récupérés {"count":11,"userId":1,"duration":80}
2026-03-01 22:06:19 [INFO] ✅ Documents récupérés {"count":0,"userId":1,"duration":52}
2026-03-01 22:06:19 [INFO] HISTORIQUE {"agent_id":1,"action":"read","resource":"document","resource_id":null,"resource_identifier":"liste des documents","description":"Consultation de la liste des documents","method":"GET","path":"/api/documents","status":200,"ip":"::1","user_agent":"Mozilla/5.0 (Windows NT 10.0; Win64; x64) AppleWebKit/537.36 (KHTML, like Gecko) Chrome/145.0.0.0 Safari/537.36","data":{"count":0,"duration":52}}
2026-03-01 22:06:19 [INFO] ✅ Services récupérés {"count":6,"userId":1,"duration":27}
2026-03-01 22:06:19 [INFO] ✅ Types de documents récupérés {"count":11,"userId":1,"duration":25}
2026-03-01 22:06:19 [INFO] ✅ Documents récupérés {"count":0,"userId":1,"duration":10}
2026-03-01 22:06:19 [INFO] HISTORIQUE {"agent_id":1,"action":"read","resource":"document","resource_id":null,"resource_identifier":"liste des documents","description":"Consultation de la liste des documents","method":"GET","path":"/api/documents","status":200,"ip":"::1","user_agent":"Mozilla/5.0 (Windows NT 10.0; Win64; x64) AppleWebKit/537.36 (KHTML, like Gecko) Chrome/145.0.0.0 Safari/537.36","data":{"count":0,"duration":11}}
2026-03-01 22:06:55 [INFO] ✅ Sous-directions de la direction récupérées {"directionId":"2","count":4,"userId":1,"duration":11}
2026-03-01 22:06:55 [INFO] ✅ Services de la direction récupérés {"directionId":"2","count":6,"userId":1,"duration":8}
2026-03-01 22:07:00 [INFO] ✅ Pièces récupérées {"count":5,"userId":1,"duration":5}
2026-03-01 22:07:00 [INFO] HISTORIQUE {"agent_id":1,"action":"read","resource":"pieces","resource_id":null,"resource_identifier":"liste des pièces","description":"Consultation de la liste des pièces","method":"GET","path":"/api/pieces/","status":200,"ip":"::1","user_agent":"Mozilla/5.0 (Windows NT 10.0; Win64; x64) AppleWebKit/537.36 (KHTML, like Gecko) Chrome/145.0.0.0 Safari/537.36","data":{"count":5,"duration":5}}
2026-03-01 22:07:19 [INFO] ✅ Métadonnées de la pièce récupérées {"pieceId":"9","count":0,"userId":1,"duration":5}
2026-03-01 22:07:23 [INFO] ✅ Métadonnées de la pièce récupérées {"pieceId":"10","count":0,"userId":1,"duration":3}
2026-03-01 22:07:32 [INFO] ✅ Métadonnées de la pièce récupérées {"pieceId":"13","count":0,"userId":1,"duration":2}
2026-03-01 22:51:49 [INFO] HISTORIQUE {"agent_id":1,"action":"login","resource":"auth/connexion","method":"POST","path":"/api/auth/connexion","status":200,"ip":"::1","user_agent":"PostmanRuntime/7.51.1"}
2026-03-01 22:55:04 [INFO] ✅ Logger initialisé avec succès 
2026-03-01 22:57:52 [INFO] ✅ Pièces récupérées {"count":5,"userId":1,"duration":7}
2026-03-01 22:58:24 [INFO] ✅ Pièces récupérées {"count":5,"userId":1,"duration":4}
2026-03-01 23:00:37 [INFO] ✅ Types de documents récupérés {"count":11,"userId":1,"duration":106}
2026-03-01 23:00:37 [INFO] ✅ Total des agents récupéré {"total":5,"userId":1,"duration":118}
2026-03-01 23:00:37 [INFO] ✅ Total des types de documents récupéré {"total":11,"userId":1,"duration":119}
2026-03-01 23:00:37 [INFO] ✅ Total des documents récupéré {"total":0,"userId":1,"duration":104}
2026-03-01 23:00:37 [INFO] ✅ Total des agents récupéré {"total":5,"userId":1,"duration":8}
2026-03-01 23:00:37 [INFO] ✅ Total des types de documents récupéré {"total":11,"userId":1,"duration":48}
2026-03-01 23:00:37 [INFO] ✅ Total des documents récupéré {"total":0,"userId":1,"duration":35}
2026-03-01 23:00:38 [INFO] ✅ Agents par structure récupérés {"count":2,"userId":1,"duration":33}
2026-03-01 23:00:38 [INFO] ✅ Agents par structure récupérés {"count":2,"userId":1,"duration":5}
2026-03-01 23:00:43 [INFO] HISTORIQUE {"agent_id":1,"action":"logout","resource":"auth/deconnexion","resource_id":1,"method":"POST","path":"/api/auth/deconnexion","status":200,"ip":"::1","user_agent":"Mozilla/5.0 (Windows NT 10.0; Win64; x64) AppleWebKit/537.36 (KHTML, like Gecko) Chrome/145.0.0.0 Safari/537.36"}
2026-03-01 23:01:21 [INFO] HISTORIQUE {"agent_id":1,"action":"login","resource":"auth/connexion","method":"POST","path":"/api/auth/connexion","status":200,"ip":"::1","user_agent":"Mozilla/5.0 (Windows NT 10.0; Win64; x64) AppleWebKit/537.36 (KHTML, like Gecko) Chrome/145.0.0.0 Safari/537.36"}
2026-03-01 23:01:21 [INFO] ✅ Profil utilisateur récupéré {"userId":1,"nom":"Mamadou Diouma","duration":220}
2026-03-01 23:01:23 [INFO] ✅ Types de documents récupérés {"count":11,"userId":1,"duration":112}
2026-03-01 23:01:23 [INFO] ✅ Total des agents récupéré {"total":5,"userId":1,"duration":61}
2026-03-01 23:01:23 [INFO] ✅ Total des documents récupéré {"total":0,"userId":1,"duration":15}
2026-03-01 23:01:23 [INFO] ✅ Total des types de documents récupéré {"total":11,"userId":1,"duration":94}
2026-03-01 23:01:23 [INFO] ✅ Total des types de documents récupéré {"total":11,"userId":1,"duration":5}
2026-03-01 23:01:23 [INFO] ✅ Total des agents récupéré {"total":5,"userId":1,"duration":18}
2026-03-01 23:01:24 [INFO] ✅ Total des documents récupéré {"total":0,"userId":1,"duration":15}
2026-03-01 23:01:24 [INFO] ✅ Agents par structure récupérés {"count":2,"userId":1,"duration":32}
2026-03-01 23:01:24 [INFO] ✅ Agents par structure récupérés {"count":2,"userId":1,"duration":3}
2026-03-01 23:02:21 [INFO] HISTORIQUE {"agent_id":1,"action":"logout","resource":"auth/deconnexion","resource_id":1,"method":"POST","path":"/api/auth/deconnexion","status":200,"ip":"::1","user_agent":"Mozilla/5.0 (Windows NT 10.0; Win64; x64) AppleWebKit/537.36 (KHTML, like Gecko) Chrome/145.0.0.0 Safari/537.36"}
2026-03-01 23:02:49 [INFO] HISTORIQUE {"agent_id":1,"action":"login","resource":"auth/connexion","method":"POST","path":"/api/auth/connexion","status":200,"ip":"::1","user_agent":"Mozilla/5.0 (Windows NT 10.0; Win64; x64) AppleWebKit/537.36 (KHTML, like Gecko) Chrome/145.0.0.0 Safari/537.36"}
2026-03-01 23:02:49 [INFO] ✅ Profil utilisateur récupéré {"userId":1,"nom":"Mamadou Diouma","duration":114}
2026-03-01 23:02:51 [INFO] ✅ Types de documents récupérés {"count":11,"userId":1,"duration":53}
2026-03-01 23:02:51 [INFO] ✅ Total des types de documents récupéré {"total":11,"userId":1,"duration":7}
2026-03-01 23:02:51 [INFO] ✅ Total des documents récupéré {"total":0,"userId":1,"duration":40}
2026-03-01 23:02:51 [INFO] ✅ Total des agents récupéré {"total":5,"userId":1,"duration":25}
2026-03-01 23:02:51 [INFO] ✅ Total des documents récupéré {"total":0,"userId":1,"duration":25}
2026-03-01 23:02:51 [INFO] ✅ Total des agents récupéré {"total":5,"userId":1,"duration":10}
2026-03-01 23:02:51 [INFO] ✅ Total des types de documents récupéré {"total":11,"userId":1,"duration":79}
2026-03-01 23:02:52 [INFO] ✅ Agents par structure récupérés {"count":2,"userId":1,"duration":21}
2026-03-01 23:02:52 [INFO] ✅ Agents par structure récupérés {"count":2,"userId":1,"duration":7}
2026-03-01 23:02:56 [INFO] ✅ Pièces récupérées {"count":5,"userId":1,"duration":4}
2026-03-01 23:02:56 [INFO] HISTORIQUE {"agent_id":1,"action":"read","resource":"pieces","resource_id":null,"resource_identifier":"liste des pièces","description":"Consultation de la liste des pièces","method":"GET","path":"/api/pieces/","status":200,"ip":"::1","user_agent":"Mozilla/5.0 (Windows NT 10.0; Win64; x64) AppleWebKit/537.36 (KHTML, like Gecko) Chrome/145.0.0.0 Safari/537.36","data":{"count":5,"duration":5}}
2026-03-01 23:03:07 [INFO] HISTORIQUE {"agent_id":1,"action":"logout","resource":"auth/deconnexion","resource_id":1,"method":"POST","path":"/api/auth/deconnexion","status":200,"ip":"::1","user_agent":"Mozilla/5.0 (Windows NT 10.0; Win64; x64) AppleWebKit/537.36 (KHTML, like Gecko) Chrome/145.0.0.0 Safari/537.36"}
2026-03-01 23:09:00 [INFO] ✅ Logger initialisé avec succès 
2026-03-01 23:09:08 [INFO] ✅ Pièces récupérées {"count":5,"userId":1,"duration":4}
