2026-02-28 17:21:59 [INFO] ✅ Logger initialisé avec succès 
2026-02-28 17:22:09 [INFO] ✅ Types de documents récupérés {"count":11,"userId":1,"duration":170}
2026-02-28 17:22:09 [ERROR] ❌ Erreur récupération fonctions: {"error":"Direction is associated to Fonction using an alias. You've included an alias (direction_id), but it does not match the alias(es) defined in your association (direction).","stack":"SequelizeEagerLoadingError: Direction is associated to Fonction using an alias. You've included an alias (direction_id), but it does not match the alias(es) defined in your association (direction).\n    at Fonction._getIncludedAssociation (C:\\Users\\pc\\Desktop\\Project\\DGCC\\backend\\node_modules\\sequelize\\lib\\model.js:574:15)\n    at Fonction._validateIncludedElement (C:\\Users\\pc\\Desktop\\Project\\DGCC\\backend\\node_modules\\sequelize\\lib\\model.js:502:53)\n    at C:\\Users\\pc\\Desktop\\Project\\DGCC\\backend\\node_modules\\sequelize\\lib\\model.js:421:37\n    at Array.map (<anonymous>)\n    at Fonction._validateIncludedElements (C:\\Users\\pc\\Desktop\\Project\\DGCC\\backend\\node_modules\\sequelize\\lib\\model.js:417:39)\n    at Fonction.findAll (C:\\Users\\pc\\Desktop\\Project\\DGCC\\backend\\node_modules\\sequelize\\lib\\model.js:1124:12)\n    at process.processTicksAndRejections (node:internal/process/task_queues:103:5)\n    at async exports.getAllFonctions (C:\\Users\\pc\\Desktop\\Project\\DGCC\\backend\\controllers\\fonction.controller.js:51:23)","userId":1,"duration":7}
2026-02-28 17:22:13 [INFO] ✅ Types de documents récupérés {"count":11,"userId":1,"duration":114}
2026-02-28 17:37:51 [INFO] ✅ Types de documents récupérés {"count":11,"userId":1,"duration":48}
2026-02-28 17:37:51 [INFO] ✅ Total des agents récupéré {"total":5,"userId":1,"duration":8}
2026-02-28 17:37:51 [INFO] ✅ Total des types de documents récupéré {"total":11,"userId":1,"duration":10}
2026-02-28 17:37:51 [INFO] ✅ Total des documents récupéré {"total":0,"userId":1,"duration":8}
2026-02-28 17:37:51 [INFO] ✅ Total des agents récupéré {"total":5,"userId":1,"duration":5}
2026-02-28 17:37:51 [INFO] ✅ Total des types de documents récupéré {"total":11,"userId":1,"duration":10}
2026-02-28 17:37:51 [INFO] ✅ Total des documents récupéré {"total":0,"userId":1,"duration":5}
2026-02-28 17:37:51 [INFO] ✅ Agents par direction récupérés {"count":1,"userId":1,"duration":12}
2026-02-28 17:37:51 [INFO] ✅ Agents par sous-direction récupérés {"count":0,"userId":1,"duration":9}
2026-02-28 17:37:51 [INFO] ✅ Agents par division récupérés {"count":0,"userId":1,"duration":11}
2026-02-28 17:37:51 [INFO] ✅ Agents par section récupérés {"count":0,"userId":1,"duration":22}
2026-02-28 17:37:51 [INFO] ✅ Agents par service récupérés {"count":0,"userId":1,"duration":16}
2026-02-28 17:37:51 [INFO] ✅ Agents par structure récupérés {"count":2,"userId":1,"duration":21}
2026-02-28 17:37:51 [INFO] ✅ Agents par sous-direction récupérés {"count":0,"userId":1,"duration":15}
2026-02-28 17:37:51 [INFO] ✅ Agents par direction récupérés {"count":1,"userId":1,"duration":8}
2026-02-28 17:37:51 [INFO] ✅ Agents par division récupérés {"count":0,"userId":1,"duration":4}
2026-02-28 17:37:51 [INFO] ✅ Agents par section récupérés {"count":0,"userId":1,"duration":9}
2026-02-28 17:37:51 [INFO] ✅ Agents par service récupérés {"count":0,"userId":1,"duration":5}
2026-02-28 17:37:51 [INFO] ✅ Agents par structure récupérés {"count":2,"userId":1,"duration":4}
2026-02-28 17:37:51 [INFO] ✅ Documents par type récupérés {"count":0,"userId":1,"duration":13}
2026-02-28 17:37:51 [INFO] ✅ Documents par mois récupérés {"count":0,"userId":1,"duration":8}
2026-02-28 17:37:51 [INFO] ✅ Documents par structure récupérés {"count":0,"userId":1,"duration":3}
2026-02-28 17:37:51 [INFO] ✅ Documents par type récupérés {"count":0,"userId":1,"duration":10}
2026-02-28 17:37:51 [INFO] ✅ Documents par mois récupérés {"count":0,"userId":1,"duration":6}
2026-02-28 17:37:51 [INFO] ✅ Documents par structure récupérés {"count":0,"userId":1,"duration":2}
2026-02-28 17:38:18 [INFO] ✅ Total des agents récupéré {"total":5,"userId":1,"duration":32}
2026-02-28 17:38:18 [INFO] ✅ Types de documents récupérés {"count":11,"userId":1,"duration":74}
2026-02-28 17:38:18 [INFO] ✅ Total des agents récupéré {"total":5,"userId":1,"duration":31}
2026-02-28 17:38:18 [INFO] ✅ Total des types de documents récupéré {"total":11,"userId":1,"duration":18}
2026-02-28 17:38:18 [INFO] ✅ Total des documents récupéré {"total":0,"userId":1,"duration":8}
2026-02-28 17:38:18 [INFO] ✅ Total des types de documents récupéré {"total":11,"userId":1,"duration":4}
2026-02-28 17:38:18 [INFO] ✅ Total des documents récupéré {"total":0,"userId":1,"duration":10}
2026-02-28 17:38:18 [INFO] ✅ Agents par sous-direction récupérés {"count":0,"userId":1,"duration":40}
2026-02-28 17:38:18 [INFO] ✅ Agents par division récupérés {"count":0,"userId":1,"duration":39}
2026-02-28 17:38:18 [INFO] ✅ Agents par section récupérés {"count":0,"userId":1,"duration":31}
2026-02-28 17:38:18 [INFO] ✅ Agents par direction récupérés {"count":1,"userId":1,"duration":75}
2026-02-28 17:38:18 [INFO] ✅ Agents par service récupérés {"count":0,"userId":1,"duration":22}
2026-02-28 17:38:18 [INFO] ✅ Agents par structure récupérés {"count":2,"userId":1,"duration":13}
2026-02-28 17:38:18 [INFO] ✅ Agents par sous-direction récupérés {"count":0,"userId":1,"duration":58}
2026-02-28 17:38:18 [INFO] ✅ Agents par division récupérés {"count":0,"userId":1,"duration":59}
2026-02-28 17:38:18 [INFO] ✅ Agents par section récupérés {"count":0,"userId":1,"duration":45}
2026-02-28 17:38:18 [INFO] ✅ Agents par direction récupérés {"count":1,"userId":1,"duration":35}
2026-02-28 17:38:18 [INFO] ✅ Agents par service récupérés {"count":0,"userId":1,"duration":24}
2026-02-28 17:38:18 [INFO] ✅ Agents par structure récupérés {"count":2,"userId":1,"duration":9}
2026-02-28 17:38:18 [INFO] ✅ Documents par type récupérés {"count":0,"userId":1,"duration":24}
2026-02-28 17:38:18 [INFO] ✅ Documents par mois récupérés {"count":0,"userId":1,"duration":15}
2026-02-28 17:38:18 [INFO] ✅ Documents par structure récupérés {"count":0,"userId":1,"duration":7}
2026-02-28 17:38:18 [INFO] ✅ Documents par type récupérés {"count":0,"userId":1,"duration":28}
2026-02-28 17:38:18 [INFO] ✅ Documents par mois récupérés {"count":0,"userId":1,"duration":21}
2026-02-28 17:38:18 [INFO] ✅ Documents par structure récupérés {"count":0,"userId":1,"duration":9}
2026-02-28 17:38:48 [INFO] ✅ Services récupérés {"count":6,"userId":1,"duration":9}
2026-02-28 17:38:48 [ERROR] ❌ Erreur récupération fonctions: {"error":"Direction is associated to Fonction using an alias. You've included an alias (direction_id), but it does not match the alias(es) defined in your association (direction).","stack":"SequelizeEagerLoadingError: Direction is associated to Fonction using an alias. You've included an alias (direction_id), but it does not match the alias(es) defined in your association (direction).\n    at Fonction._getIncludedAssociation (C:\\Users\\pc\\Desktop\\Project\\DGCC\\backend\\node_modules\\sequelize\\lib\\model.js:574:15)\n    at Fonction._validateIncludedElement (C:\\Users\\pc\\Desktop\\Project\\DGCC\\backend\\node_modules\\sequelize\\lib\\model.js:502:53)\n    at C:\\Users\\pc\\Desktop\\Project\\DGCC\\backend\\node_modules\\sequelize\\lib\\model.js:421:37\n    at Array.map (<anonymous>)\n    at Fonction._validateIncludedElements (C:\\Users\\pc\\Desktop\\Project\\DGCC\\backend\\node_modules\\sequelize\\lib\\model.js:417:39)\n    at Fonction.findAll (C:\\Users\\pc\\Desktop\\Project\\DGCC\\backend\\node_modules\\sequelize\\lib\\model.js:1124:12)\n    at process.processTicksAndRejections (node:internal/process/task_queues:103:5)\n    at async exports.getAllFonctions (C:\\Users\\pc\\Desktop\\Project\\DGCC\\backend\\controllers\\fonction.controller.js:51:23)","userId":1,"duration":2}
2026-02-28 17:38:49 [ERROR] ❌ Erreur récupération fonctions: {"error":"Direction is associated to Fonction using an alias. You've included an alias (direction_id), but it does not match the alias(es) defined in your association (direction).","stack":"SequelizeEagerLoadingError: Direction is associated to Fonction using an alias. You've included an alias (direction_id), but it does not match the alias(es) defined in your association (direction).\n    at Fonction._getIncludedAssociation (C:\\Users\\pc\\Desktop\\Project\\DGCC\\backend\\node_modules\\sequelize\\lib\\model.js:574:15)\n    at Fonction._validateIncludedElement (C:\\Users\\pc\\Desktop\\Project\\DGCC\\backend\\node_modules\\sequelize\\lib\\model.js:502:53)\n    at C:\\Users\\pc\\Desktop\\Project\\DGCC\\backend\\node_modules\\sequelize\\lib\\model.js:421:37\n    at Array.map (<anonymous>)\n    at Fonction._validateIncludedElements (C:\\Users\\pc\\Desktop\\Project\\DGCC\\backend\\node_modules\\sequelize\\lib\\model.js:417:39)\n    at Fonction.findAll (C:\\Users\\pc\\Desktop\\Project\\DGCC\\backend\\node_modules\\sequelize\\lib\\model.js:1124:12)\n    at process.processTicksAndRejections (node:internal/process/task_queues:103:5)\n    at async exports.getAllFonctions (C:\\Users\\pc\\Desktop\\Project\\DGCC\\backend\\controllers\\fonction.controller.js:51:23)","userId":1,"duration":2}
2026-02-28 17:41:16 [ERROR] ❌ Erreur récupération fonctions: {"error":"Direction is associated to Fonction using an alias. You've included an alias (direction_id), but it does not match the alias(es) defined in your association (direction).","stack":"SequelizeEagerLoadingError: Direction is associated to Fonction using an alias. You've included an alias (direction_id), but it does not match the alias(es) defined in your association (direction).\n    at Fonction._getIncludedAssociation (C:\\Users\\pc\\Desktop\\Project\\DGCC\\backend\\node_modules\\sequelize\\lib\\model.js:574:15)\n    at Fonction._validateIncludedElement (C:\\Users\\pc\\Desktop\\Project\\DGCC\\backend\\node_modules\\sequelize\\lib\\model.js:502:53)\n    at C:\\Users\\pc\\Desktop\\Project\\DGCC\\backend\\node_modules\\sequelize\\lib\\model.js:421:37\n    at Array.map (<anonymous>)\n    at Fonction._validateIncludedElements (C:\\Users\\pc\\Desktop\\Project\\DGCC\\backend\\node_modules\\sequelize\\lib\\model.js:417:39)\n    at Fonction.findAll (C:\\Users\\pc\\Desktop\\Project\\DGCC\\backend\\node_modules\\sequelize\\lib\\model.js:1124:12)\n    at process.processTicksAndRejections (node:internal/process/task_queues:103:5)\n    at async exports.getAllFonctions (C:\\Users\\pc\\Desktop\\Project\\DGCC\\backend\\controllers\\fonction.controller.js:51:23)","userId":1,"duration":2}
2026-02-28 17:42:58 [ERROR] ❌ Erreur récupération fonctions: {"error":"Direction is associated to Fonction using an alias. You've included an alias (direction_id), but it does not match the alias(es) defined in your association (direction).","stack":"SequelizeEagerLoadingError: Direction is associated to Fonction using an alias. You've included an alias (direction_id), but it does not match the alias(es) defined in your association (direction).\n    at Fonction._getIncludedAssociation (C:\\Users\\pc\\Desktop\\Project\\DGCC\\backend\\node_modules\\sequelize\\lib\\model.js:574:15)\n    at Fonction._validateIncludedElement (C:\\Users\\pc\\Desktop\\Project\\DGCC\\backend\\node_modules\\sequelize\\lib\\model.js:502:53)\n    at C:\\Users\\pc\\Desktop\\Project\\DGCC\\backend\\node_modules\\sequelize\\lib\\model.js:421:37\n    at Array.map (<anonymous>)\n    at Fonction._validateIncludedElements (C:\\Users\\pc\\Desktop\\Project\\DGCC\\backend\\node_modules\\sequelize\\lib\\model.js:417:39)\n    at Fonction.findAll (C:\\Users\\pc\\Desktop\\Project\\DGCC\\backend\\node_modules\\sequelize\\lib\\model.js:1124:12)\n    at process.processTicksAndRejections (node:internal/process/task_queues:103:5)\n    at async exports.getAllFonctions (C:\\Users\\pc\\Desktop\\Project\\DGCC\\backend\\controllers\\fonction.controller.js:51:23)","userId":1,"duration":2}
2026-02-28 17:43:03 [ERROR] ❌ Erreur récupération fonctions: {"error":"Direction is associated to Fonction using an alias. You've included an alias (direction_id), but it does not match the alias(es) defined in your association (direction).","stack":"SequelizeEagerLoadingError: Direction is associated to Fonction using an alias. You've included an alias (direction_id), but it does not match the alias(es) defined in your association (direction).\n    at Fonction._getIncludedAssociation (C:\\Users\\pc\\Desktop\\Project\\DGCC\\backend\\node_modules\\sequelize\\lib\\model.js:574:15)\n    at Fonction._validateIncludedElement (C:\\Users\\pc\\Desktop\\Project\\DGCC\\backend\\node_modules\\sequelize\\lib\\model.js:502:53)\n    at C:\\Users\\pc\\Desktop\\Project\\DGCC\\backend\\node_modules\\sequelize\\lib\\model.js:421:37\n    at Array.map (<anonymous>)\n    at Fonction._validateIncludedElements (C:\\Users\\pc\\Desktop\\Project\\DGCC\\backend\\node_modules\\sequelize\\lib\\model.js:417:39)\n    at Fonction.findAll (C:\\Users\\pc\\Desktop\\Project\\DGCC\\backend\\node_modules\\sequelize\\lib\\model.js:1124:12)\n    at process.processTicksAndRejections (node:internal/process/task_queues:103:5)\n    at async exports.getAllFonctions (C:\\Users\\pc\\Desktop\\Project\\DGCC\\backend\\controllers\\fonction.controller.js:51:23)","userId":1,"duration":3}
2026-02-28 17:43:04 [ERROR] ❌ Erreur récupération fonctions: {"error":"Direction is associated to Fonction using an alias. You've included an alias (direction_id), but it does not match the alias(es) defined in your association (direction).","stack":"SequelizeEagerLoadingError: Direction is associated to Fonction using an alias. You've included an alias (direction_id), but it does not match the alias(es) defined in your association (direction).\n    at Fonction._getIncludedAssociation (C:\\Users\\pc\\Desktop\\Project\\DGCC\\backend\\node_modules\\sequelize\\lib\\model.js:574:15)\n    at Fonction._validateIncludedElement (C:\\Users\\pc\\Desktop\\Project\\DGCC\\backend\\node_modules\\sequelize\\lib\\model.js:502:53)\n    at C:\\Users\\pc\\Desktop\\Project\\DGCC\\backend\\node_modules\\sequelize\\lib\\model.js:421:37\n    at Array.map (<anonymous>)\n    at Fonction._validateIncludedElements (C:\\Users\\pc\\Desktop\\Project\\DGCC\\backend\\node_modules\\sequelize\\lib\\model.js:417:39)\n    at Fonction.findAll (C:\\Users\\pc\\Desktop\\Project\\DGCC\\backend\\node_modules\\sequelize\\lib\\model.js:1124:12)\n    at process.processTicksAndRejections (node:internal/process/task_queues:103:5)\n    at async exports.getAllFonctions (C:\\Users\\pc\\Desktop\\Project\\DGCC\\backend\\controllers\\fonction.controller.js:51:23)","userId":1,"duration":5}
2026-02-28 17:43:14 [ERROR] ❌ Erreur récupération fonctions: {"error":"Direction is associated to Fonction using an alias. You've included an alias (direction_id), but it does not match the alias(es) defined in your association (direction).","stack":"SequelizeEagerLoadingError: Direction is associated to Fonction using an alias. You've included an alias (direction_id), but it does not match the alias(es) defined in your association (direction).\n    at Fonction._getIncludedAssociation (C:\\Users\\pc\\Desktop\\Project\\DGCC\\backend\\node_modules\\sequelize\\lib\\model.js:574:15)\n    at Fonction._validateIncludedElement (C:\\Users\\pc\\Desktop\\Project\\DGCC\\backend\\node_modules\\sequelize\\lib\\model.js:502:53)\n    at C:\\Users\\pc\\Desktop\\Project\\DGCC\\backend\\node_modules\\sequelize\\lib\\model.js:421:37\n    at Array.map (<anonymous>)\n    at Fonction._validateIncludedElements (C:\\Users\\pc\\Desktop\\Project\\DGCC\\backend\\node_modules\\sequelize\\lib\\model.js:417:39)\n    at Fonction.findAll (C:\\Users\\pc\\Desktop\\Project\\DGCC\\backend\\node_modules\\sequelize\\lib\\model.js:1124:12)\n    at process.processTicksAndRejections (node:internal/process/task_queues:103:5)\n    at async exports.getAllFonctions (C:\\Users\\pc\\Desktop\\Project\\DGCC\\backend\\controllers\\fonction.controller.js:51:23)","userId":1,"duration":1}
2026-02-28 17:43:14 [INFO] ✅ Types de documents récupérés {"count":11,"userId":1,"duration":131}
2026-02-28 17:43:14 [INFO] ✅ Services récupérés {"count":6,"userId":1,"duration":17}
2026-02-28 17:43:16 [ERROR] ❌ Erreur récupération fonctions: {"error":"Direction is associated to Fonction using an alias. You've included an alias (direction_id), but it does not match the alias(es) defined in your association (direction).","stack":"SequelizeEagerLoadingError: Direction is associated to Fonction using an alias. You've included an alias (direction_id), but it does not match the alias(es) defined in your association (direction).\n    at Fonction._getIncludedAssociation (C:\\Users\\pc\\Desktop\\Project\\DGCC\\backend\\node_modules\\sequelize\\lib\\model.js:574:15)\n    at Fonction._validateIncludedElement (C:\\Users\\pc\\Desktop\\Project\\DGCC\\backend\\node_modules\\sequelize\\lib\\model.js:502:53)\n    at C:\\Users\\pc\\Desktop\\Project\\DGCC\\backend\\node_modules\\sequelize\\lib\\model.js:421:37\n    at Array.map (<anonymous>)\n    at Fonction._validateIncludedElements (C:\\Users\\pc\\Desktop\\Project\\DGCC\\backend\\node_modules\\sequelize\\lib\\model.js:417:39)\n    at Fonction.findAll (C:\\Users\\pc\\Desktop\\Project\\DGCC\\backend\\node_modules\\sequelize\\lib\\model.js:1124:12)\n    at process.processTicksAndRejections (node:internal/process/task_queues:103:5)\n    at async exports.getAllFonctions (C:\\Users\\pc\\Desktop\\Project\\DGCC\\backend\\controllers\\fonction.controller.js:51:23)","userId":1,"duration":3}
2026-02-28 17:43:41 [INFO] ✅ Logger initialisé avec succès 
2026-02-28 17:43:48 [INFO] ✅ Types de documents récupérés {"count":11,"userId":1,"duration":109}
2026-02-28 17:43:48 [INFO] ✅ Services récupérés {"count":6,"userId":1,"duration":66}
2026-02-28 17:43:48 [ERROR] ❌ Erreur récupération fonctions: {"error":"Direction is associated to Fonction using an alias. You've included an alias (direction_id), but it does not match the alias(es) defined in your association (direction).","stack":"SequelizeEagerLoadingError: Direction is associated to Fonction using an alias. You've included an alias (direction_id), but it does not match the alias(es) defined in your association (direction).\n    at Fonction._getIncludedAssociation (C:\\Users\\pc\\Desktop\\Project\\DGCC\\backend\\node_modules\\sequelize\\lib\\model.js:574:15)\n    at Fonction._validateIncludedElement (C:\\Users\\pc\\Desktop\\Project\\DGCC\\backend\\node_modules\\sequelize\\lib\\model.js:502:53)\n    at C:\\Users\\pc\\Desktop\\Project\\DGCC\\backend\\node_modules\\sequelize\\lib\\model.js:421:37\n    at Array.map (<anonymous>)\n    at Fonction._validateIncludedElements (C:\\Users\\pc\\Desktop\\Project\\DGCC\\backend\\node_modules\\sequelize\\lib\\model.js:417:39)\n    at Fonction.findAll (C:\\Users\\pc\\Desktop\\Project\\DGCC\\backend\\node_modules\\sequelize\\lib\\model.js:1124:12)\n    at process.processTicksAndRejections (node:internal/process/task_queues:103:5)\n    at async exports.getAllFonctions (C:\\Users\\pc\\Desktop\\Project\\DGCC\\backend\\controllers\\fonction.controller.js:51:23)","userId":1,"duration":4}
2026-02-28 17:43:49 [ERROR] ❌ Erreur récupération fonctions: {"error":"Direction is associated to Fonction using an alias. You've included an alias (direction_id), but it does not match the alias(es) defined in your association (direction).","stack":"SequelizeEagerLoadingError: Direction is associated to Fonction using an alias. You've included an alias (direction_id), but it does not match the alias(es) defined in your association (direction).\n    at Fonction._getIncludedAssociation (C:\\Users\\pc\\Desktop\\Project\\DGCC\\backend\\node_modules\\sequelize\\lib\\model.js:574:15)\n    at Fonction._validateIncludedElement (C:\\Users\\pc\\Desktop\\Project\\DGCC\\backend\\node_modules\\sequelize\\lib\\model.js:502:53)\n    at C:\\Users\\pc\\Desktop\\Project\\DGCC\\backend\\node_modules\\sequelize\\lib\\model.js:421:37\n    at Array.map (<anonymous>)\n    at Fonction._validateIncludedElements (C:\\Users\\pc\\Desktop\\Project\\DGCC\\backend\\node_modules\\sequelize\\lib\\model.js:417:39)\n    at Fonction.findAll (C:\\Users\\pc\\Desktop\\Project\\DGCC\\backend\\node_modules\\sequelize\\lib\\model.js:1124:12)\n    at process.processTicksAndRejections (node:internal/process/task_queues:103:5)\n    at async exports.getAllFonctions (C:\\Users\\pc\\Desktop\\Project\\DGCC\\backend\\controllers\\fonction.controller.js:51:23)","userId":1,"duration":2}
2026-02-28 17:46:09 [INFO] ✅ Logger initialisé avec succès 
2026-02-28 17:46:14 [INFO] ✅ Fonctions récupérées {"count":7,"userId":1,"duration":47}
2026-02-28 17:46:14 [INFO] HISTORIQUE {"agent_id":1,"action":"read","resource":"fonction","resource_id":null,"resource_identifier":"liste des fonctions","description":"Consultation de la liste des fonctions","method":"GET","path":"/api/fonctions/","status":200,"ip":"::1","user_agent":"Mozilla/5.0 (Windows NT 10.0; Win64; x64) AppleWebKit/537.36 (KHTML, like Gecko) Chrome/145.0.0.0 Safari/537.36","data":{"count":7,"duration":49}}
2026-02-28 17:46:14 [INFO] ✅ Types de documents récupérés {"count":11,"userId":1,"duration":229}
2026-02-28 17:46:15 [INFO] ✅ Services récupérés {"count":6,"userId":1,"duration":10}
